[ 2017-12-23T11:06:28+08:00 ] 222.27.167.108 /nefuer/
INFO: [ app_init ] --START--
INFO: Run Behavior\BuildLiteBehavior [ RunTime:0.000006s ]
INFO: [ app_init ] --END-- [ RunTime:0.000241s ]
INFO: [ app_begin ] --START--
INFO: Run Behavior\ReadHtmlCacheBehavior [ RunTime:0.000335s ]
INFO: [ app_begin ] --END-- [ RunTime:0.000351s ]
NOTIC: [2] Illegal string offset 'expire' /var/www/html/nefuer/Public/nefuer/Application/Home/Common/ApiController.class.php 第 155 行.

[ 2017-12-23T11:06:30+08:00 ] 222.27.167.108 /nefuer/index.php/Home/index/wxLogin?code=001oG8fi19M2rw0Ad9ei1fmufi1oG8fX&state=%2F
INFO: [ app_init ] --START--
INFO: Run Behavior\BuildLiteBehavior [ RunTime:0.000006s ]
INFO: [ app_init ] --END-- [ RunTime:0.000038s ]
INFO: [ app_begin ] --START--
INFO: Run Behavior\ReadHtmlCacheBehavior [ RunTime:0.000012s ]
INFO: [ app_begin ] --END-- [ RunTime:0.000030s ]
NOTIC: [2] Illegal string offset 'expire' /var/www/html/nefuer/Public/nefuer/Application/Home/Common/ApiController.class.php 第 155 行.
SQL: SHOW COLUMNS FROM `user` [ RunTime:0.0004s ]
SQL: 
			SELECT `id`, `account`, `password`
			FROM `user`
			WHERE `openid` = "oAS95weWTdF9T1g6OqOAUm0WQHPI";
			LIMIT 1
		 [ RunTime:0.0002s ]
NOTIC: [2] Illegal string offset 'user' /var/www/html/nefuer/Public/nefuer/Application/Home/Controller/IndexController.class.php 第 46 行.
NOTIC: [8] Array to string conversion /var/www/html/nefuer/Public/nefuer/Application/Home/Controller/IndexController.class.php 第 46 行.
NOTIC: [2] Illegal string offset 'expire' /var/www/html/nefuer/Public/nefuer/Application/Home/Common/ApiController.class.php 第 210 行.

[ 2017-12-23T11:06:33+08:00 ] 222.27.167.108 /nefuer/index.php/Home/index/wxLogin?code=071Ku1Bk2kzctG067Lyk27VcBk2Ku1B4&state=%2F
INFO: [ app_init ] --START--
INFO: Run Behavior\BuildLiteBehavior [ RunTime:0.000006s ]
INFO: [ app_init ] --END-- [ RunTime:0.000043s ]
INFO: [ app_begin ] --START--
INFO: Run Behavior\ReadHtmlCacheBehavior [ RunTime:0.000016s ]
INFO: [ app_begin ] --END-- [ RunTime:0.000026s ]
NOTIC: [2] Illegal string offset 'expire' /var/www/html/nefuer/Public/nefuer/Application/Home/Common/ApiController.class.php 第 155 行.
SQL: SHOW COLUMNS FROM `user` [ RunTime:0.0004s ]
SQL: 
			SELECT `id`, `account`, `password`
			FROM `user`
			WHERE `openid` = "oAS95weWTdF9T1g6OqOAUm0WQHPI";
			LIMIT 1
		 [ RunTime:0.0002s ]
NOTIC: [2] Illegal string offset 'user' /var/www/html/nefuer/Public/nefuer/Application/Home/Controller/IndexController.class.php 第 46 行.
NOTIC: [8] Array to string conversion /var/www/html/nefuer/Public/nefuer/Application/Home/Controller/IndexController.class.php 第 46 行.
NOTIC: [2] Illegal string offset 'expire' /var/www/html/nefuer/Public/nefuer/Application/Home/Common/ApiController.class.php 第 210 行.

[ 2017-12-23T12:18:08+08:00 ] 118.203.123.64 /nefuer/
INFO: [ app_init ] --START--
INFO: Run Behavior\BuildLiteBehavior [ RunTime:0.000006s ]
INFO: [ app_init ] --END-- [ RunTime:0.000043s ]
INFO: [ app_begin ] --START--
INFO: Run Behavior\ReadHtmlCacheBehavior [ RunTime:0.000016s ]
INFO: [ app_begin ] --END-- [ RunTime:0.000025s ]

[ 2017-12-23T12:18:15+08:00 ] 118.203.123.64 /nefuer/index.php/Home/index/wxLogin?code=071G0hVI1GHFD40rZ4UI1ZM7VI1G0hVh&state=%2F
INFO: [ app_init ] --START--
INFO: Run Behavior\BuildLiteBehavior [ RunTime:0.000006s ]
INFO: [ app_init ] --END-- [ RunTime:0.000045s ]
INFO: [ app_begin ] --START--
INFO: Run Behavior\ReadHtmlCacheBehavior [ RunTime:0.000016s ]
INFO: [ app_begin ] --END-- [ RunTime:0.000027s ]
SQL: SHOW COLUMNS FROM `user` [ RunTime:0.0005s ]
SQL: 
			SELECT `id`, `account`, `password`
			FROM `user`
			WHERE `openid` = "oAS95weWTdF9T1g6OqOAUm0WQHPI";
			LIMIT 1
		 [ RunTime:0.0002s ]
NOTIC: [2] Illegal string offset 'user' /var/www/html/nefuer/Public/nefuer/Application/Home/Controller/IndexController.class.php 第 46 行.
NOTIC: [8] Array to string conversion /var/www/html/nefuer/Public/nefuer/Application/Home/Controller/IndexController.class.php 第 46 行.
NOTIC: [2] Illegal string offset 'expire' /var/www/html/nefuer/Public/nefuer/Application/Home/Common/ApiController.class.php 第 210 行.

[ 2017-12-23T13:12:15+08:00 ] 118.203.127.106 /nefuer/index.php/
INFO: [ app_init ] --START--
INFO: Run Behavior\BuildLiteBehavior [ RunTime:0.000006s ]
INFO: [ app_init ] --END-- [ RunTime:0.000045s ]
INFO: [ app_begin ] --START--
INFO: Run Behavior\ReadHtmlCacheBehavior [ RunTime:0.000018s ]
INFO: [ app_begin ] --END-- [ RunTime:0.000030s ]
NOTIC: [2] Illegal string offset 'expire' /var/www/html/nefuer/Public/nefuer/Application/Home/Common/ApiController.class.php 第 155 行.

[ 2017-12-23T13:12:16+08:00 ] 118.203.127.106 /nefuer/index.php/Home/index/wxLogin?code=061OH0GJ1Vvoz50WTOGJ1sCPFJ1OH0Gc&state=%2F
INFO: [ app_init ] --START--
INFO: Run Behavior\BuildLiteBehavior [ RunTime:0.000005s ]
INFO: [ app_init ] --END-- [ RunTime:0.000039s ]
INFO: [ app_begin ] --START--
INFO: Run Behavior\ReadHtmlCacheBehavior [ RunTime:0.000014s ]
INFO: [ app_begin ] --END-- [ RunTime:0.000025s ]
NOTIC: [2] Illegal string offset 'expire' /var/www/html/nefuer/Public/nefuer/Application/Home/Common/ApiController.class.php 第 155 行.
SQL: SHOW COLUMNS FROM `user` [ RunTime:0.0005s ]
SQL: 
			SELECT `id`, `account`, `password`
			FROM `user`
			WHERE `openid` = "oAS95weWTdF9T1g6OqOAUm0WQHPI";
			LIMIT 1
		 [ RunTime:0.0002s ]
NOTIC: [2] Illegal string offset 'user' /var/www/html/nefuer/Public/nefuer/Application/Home/Controller/IndexController.class.php 第 46 行.
NOTIC: [8] Array to string conversion /var/www/html/nefuer/Public/nefuer/Application/Home/Controller/IndexController.class.php 第 46 行.
NOTIC: [2] Illegal string offset 'expire' /var/www/html/nefuer/Public/nefuer/Application/Home/Common/ApiController.class.php 第 210 行.

[ 2017-12-23T13:14:11+08:00 ] 118.203.127.106 /nefuer/
INFO: [ app_init ] --START--
INFO: Run Behavior\BuildLiteBehavior [ RunTime:0.000006s ]
INFO: [ app_init ] --END-- [ RunTime:0.000044s ]
INFO: [ app_begin ] --START--
INFO: Run Behavior\ReadHtmlCacheBehavior [ RunTime:0.000029s ]
INFO: [ app_begin ] --END-- [ RunTime:0.000044s ]
NOTIC: [2] Illegal string offset 'expire' /var/www/html/nefuer/Public/nefuer/Application/Home/Common/ApiController.class.php 第 155 行.

[ 2017-12-23T13:14:12+08:00 ] 118.203.127.106 /nefuer/index.php/Home/index/wxLogin?code=021M9rH12Xf5EX0X18K12bkkH12M9rHT&state=%2F
INFO: [ app_init ] --START--
INFO: Run Behavior\BuildLiteBehavior [ RunTime:0.000006s ]
INFO: [ app_init ] --END-- [ RunTime:0.000046s ]
INFO: [ app_begin ] --START--
INFO: Run Behavior\ReadHtmlCacheBehavior [ RunTime:0.000013s ]
INFO: [ app_begin ] --END-- [ RunTime:0.000024s ]
NOTIC: [2] Illegal string offset 'expire' /var/www/html/nefuer/Public/nefuer/Application/Home/Common/ApiController.class.php 第 155 行.
SQL: SHOW COLUMNS FROM `user` [ RunTime:0.0004s ]
SQL: 
			SELECT `id`, `account`, `password`
			FROM `user`
			WHERE `openid` = "oAS95weWTdF9T1g6OqOAUm0WQHPI";
			LIMIT 1
		 [ RunTime:0.0002s ]
ERR: Argument 1 passed to Home\Common\ApiController::apiError() must be of the type string, array given, called in /var/www/html/nefuer/Public/nefuer/Application/Home/Controller/IndexController.class.php on line 48

[ 2017-12-23T13:14:50+08:00 ] 118.203.127.106 /nefuer/
INFO: [ app_init ] --START--
INFO: Run Behavior\BuildLiteBehavior [ RunTime:0.000006s ]
INFO: [ app_init ] --END-- [ RunTime:0.000045s ]
INFO: [ app_begin ] --START--
INFO: Run Behavior\ReadHtmlCacheBehavior [ RunTime:0.000018s ]
INFO: [ app_begin ] --END-- [ RunTime:0.000031s ]
NOTIC: [2] Illegal string offset 'expire' /var/www/html/nefuer/Public/nefuer/Application/Home/Common/ApiController.class.php 第 155 行.

[ 2017-12-23T13:14:51+08:00 ] 118.203.127.106 /nefuer/index.php/Home/index/wxLogin?code=0818ZNaJ10SdW40O63cJ148ZaJ18ZNa-&state=%2F
INFO: [ app_init ] --START--
INFO: Run Behavior\BuildLiteBehavior [ RunTime:0.000006s ]
INFO: [ app_init ] --END-- [ RunTime:0.000039s ]
INFO: [ app_begin ] --START--
INFO: Run Behavior\ReadHtmlCacheBehavior [ RunTime:0.000013s ]
INFO: [ app_begin ] --END-- [ RunTime:0.000024s ]
NOTIC: [2] Illegal string offset 'expire' /var/www/html/nefuer/Public/nefuer/Application/Home/Common/ApiController.class.php 第 155 行.
SQL: SHOW COLUMNS FROM `user` [ RunTime:0.0004s ]
SQL: 
			SELECT `id`, `account`, `password`
			FROM `user`
			WHERE `openid` = "oAS95weWTdF9T1g6OqOAUm0WQHPI";
			LIMIT 1
		 [ RunTime:0.0002s ]

[ 2017-12-23T13:16:15+08:00 ] 118.203.127.106 /nefuer/
INFO: [ app_init ] --START--
INFO: Run Behavior\BuildLiteBehavior [ RunTime:0.000006s ]
INFO: [ app_init ] --END-- [ RunTime:0.000045s ]
INFO: [ app_begin ] --START--
INFO: Run Behavior\ReadHtmlCacheBehavior [ RunTime:0.000015s ]
INFO: [ app_begin ] --END-- [ RunTime:0.000026s ]

[ 2017-12-23T13:16:25+08:00 ] 118.203.127.106 /nefuer/
INFO: [ app_init ] --START--
INFO: Run Behavior\BuildLiteBehavior [ RunTime:0.000005s ]
INFO: [ app_init ] --END-- [ RunTime:0.000073s ]
INFO: [ app_begin ] --START--
INFO: Run Behavior\ReadHtmlCacheBehavior [ RunTime:0.000014s ]
INFO: [ app_begin ] --END-- [ RunTime:0.000025s ]

[ 2017-12-23T13:16:40+08:00 ] 118.203.127.106 /nefuer/
INFO: [ app_init ] --START--
INFO: Run Behavior\BuildLiteBehavior [ RunTime:0.000006s ]
INFO: [ app_init ] --END-- [ RunTime:0.000045s ]
INFO: [ app_begin ] --START--
INFO: Run Behavior\ReadHtmlCacheBehavior [ RunTime:0.000016s ]
INFO: [ app_begin ] --END-- [ RunTime:0.000026s ]

[ 2017-12-23T13:18:23+08:00 ] 118.203.127.106 /nefuer/
INFO: [ app_init ] --START--
INFO: Run Behavior\BuildLiteBehavior [ RunTime:0.000006s ]
INFO: [ app_init ] --END-- [ RunTime:0.000043s ]
INFO: [ app_begin ] --START--
INFO: Run Behavior\ReadHtmlCacheBehavior [ RunTime:0.000018s ]
INFO: [ app_begin ] --END-- [ RunTime:0.000031s ]

[ 2017-12-23T13:18:24+08:00 ] 118.203.127.106 /nefuer/index.php/Home/index/wxLogin?code=021p2SEo1GYetp0Em6Ho1Jn6Fo1p2SEc&state=%2F
INFO: [ app_init ] --START--
INFO: Run Behavior\BuildLiteBehavior [ RunTime:0.000005s ]
INFO: [ app_init ] --END-- [ RunTime:0.000039s ]
INFO: [ app_begin ] --START--
INFO: Run Behavior\ReadHtmlCacheBehavior [ RunTime:0.000012s ]
INFO: [ app_begin ] --END-- [ RunTime:0.000023s ]
SQL: SHOW COLUMNS FROM `user` [ RunTime:0.0004s ]
SQL: 
			SELECT `id`, `account`, `password`
			FROM `user`
			WHERE `openid` = "oAS95weWTdF9T1g6OqOAUm0WQHPI";
			LIMIT 1
		 [ RunTime:0.0002s ]
NOTIC: [2] Illegal string offset 'user' /var/www/html/nefuer/Public/nefuer/Application/Home/Controller/IndexController.class.php 第 65 行.
NOTIC: [2] Illegal string offset 'id' /var/www/html/nefuer/Public/nefuer/Application/Home/Controller/IndexController.class.php 第 65 行.

[ 2017-12-23T13:18:32+08:00 ] 118.203.127.106 /nefuer/
INFO: [ app_init ] --START--
INFO: Run Behavior\BuildLiteBehavior [ RunTime:0.000044s ]
INFO: [ app_init ] --END-- [ RunTime:0.000088s ]
INFO: [ app_begin ] --START--
INFO: Run Behavior\ReadHtmlCacheBehavior [ RunTime:0.000017s ]
INFO: [ app_begin ] --END-- [ RunTime:0.000028s ]
NOTIC: [2] Illegal string offset 'user' /var/www/html/nefuer/Public/nefuer/Application/Home/Controller/IndexController.class.php 第 65 行.
NOTIC: [2] Illegal string offset 'id' /var/www/html/nefuer/Public/nefuer/Application/Home/Controller/IndexController.class.php 第 65 行.

[ 2017-12-23T13:18:40+08:00 ] 118.203.127.106 /nefuer/
INFO: [ app_init ] --START--
INFO: Run Behavior\BuildLiteBehavior [ RunTime:0.000006s ]
INFO: [ app_init ] --END-- [ RunTime:0.000046s ]
INFO: [ app_begin ] --START--
INFO: Run Behavior\ReadHtmlCacheBehavior [ RunTime:0.000016s ]
INFO: [ app_begin ] --END-- [ RunTime:0.000026s ]
NOTIC: [2] Illegal string offset 'user' /var/www/html/nefuer/Public/nefuer/Application/Home/Controller/IndexController.class.php 第 65 行.
NOTIC: [2] Illegal string offset 'id' /var/www/html/nefuer/Public/nefuer/Application/Home/Controller/IndexController.class.php 第 65 行.

[ 2017-12-23T13:20:05+08:00 ] 118.203.127.106 /nefuer/?ope=http%3A%2F%2Fbaidu.com
INFO: [ app_init ] --START--
INFO: Run Behavior\BuildLiteBehavior [ RunTime:0.000007s ]
INFO: [ app_init ] --END-- [ RunTime:0.000047s ]
INFO: [ app_begin ] --START--
INFO: Run Behavior\ReadHtmlCacheBehavior [ RunTime:0.000018s ]
INFO: [ app_begin ] --END-- [ RunTime:0.000029s ]

[ 2017-12-23T13:20:29+08:00 ] 118.203.127.106 /nefuer/?ope=http%3A%2F%2Fbaidu.com
INFO: [ app_init ] --START--
INFO: Run Behavior\BuildLiteBehavior [ RunTime:0.000007s ]
INFO: [ app_init ] --END-- [ RunTime:0.000047s ]
INFO: [ app_begin ] --START--
INFO: Run Behavior\ReadHtmlCacheBehavior [ RunTime:0.000019s ]
INFO: [ app_begin ] --END-- [ RunTime:0.000030s ]
NOTIC: [2] Illegal string offset 'expire' /var/www/html/nefuer/Public/nefuer/Application/Home/Common/ApiController.class.php 第 155 行.

[ 2017-12-23T13:20:31+08:00 ] 118.203.127.106 /nefuer/index.php/Home/index/wxLogin?code=071fYi2j1r9Cmx0fOF0j1fNh2j1fYi2P&state=http%3A%2F%2Fbaidu.com
INFO: [ app_init ] --START--
INFO: Run Behavior\BuildLiteBehavior [ RunTime:0.000006s ]
INFO: [ app_init ] --END-- [ RunTime:0.000039s ]
INFO: [ app_begin ] --START--
INFO: Run Behavior\ReadHtmlCacheBehavior [ RunTime:0.000013s ]
INFO: [ app_begin ] --END-- [ RunTime:0.000025s ]
NOTIC: [2] Illegal string offset 'expire' /var/www/html/nefuer/Public/nefuer/Application/Home/Common/ApiController.class.php 第 155 行.
SQL: SHOW COLUMNS FROM `user` [ RunTime:0.0005s ]
SQL: 
			SELECT `id`, `account`, `password`
			FROM `user`
			WHERE `openid` = "oAS95weWTdF9T1g6OqOAUm0WQHPI";
			LIMIT 1
		 [ RunTime:0.0002s ]

[ 2017-12-23T13:20:32+08:00 ] 113.96.219.243 /nefuer/?ope=http%3A%2F%2Fbaidu.com
INFO: [ app_init ] --START--
INFO: Run Behavior\BuildLiteBehavior [ RunTime:0.000006s ]
INFO: [ app_init ] --END-- [ RunTime:0.000041s ]
INFO: [ app_begin ] --START--
INFO: Run Behavior\ReadHtmlCacheBehavior [ RunTime:0.000016s ]
INFO: [ app_begin ] --END-- [ RunTime:0.000028s ]

[ 2017-12-23T13:20:34+08:00 ] 113.96.219.243 /nefuer/index.php/Home/index/wxLogin?code=0118AMpk2pe74G0W40rk20lXpk28AMpj&state=http%3A%2F%2Fbaidu.com
INFO: [ app_init ] --START--
INFO: Run Behavior\BuildLiteBehavior [ RunTime:0.000006s ]
INFO: [ app_init ] --END-- [ RunTime:0.000038s ]
INFO: [ app_begin ] --START--
INFO: Run Behavior\ReadHtmlCacheBehavior [ RunTime:0.000013s ]
INFO: [ app_begin ] --END-- [ RunTime:0.000024s ]
SQL: SHOW COLUMNS FROM `user` [ RunTime:0.0004s ]
SQL: 
			SELECT `id`, `account`, `password`
			FROM `user`
			WHERE `openid` = "oAS95wQg8SehChCZzDTnFRr71VCQ";
			LIMIT 1
		 [ RunTime:0.0002s ]
INFO: [ view_parse ] --START--
INFO: [ template_filter ] --START--
INFO: Run Behavior\ContentReplaceBehavior [ RunTime:0.000030s ]
INFO: [ template_filter ] --END-- [ RunTime:0.000046s ]
INFO: Run Behavior\ParseTemplateBehavior [ RunTime:0.003795s ]
INFO: [ view_parse ] --END-- [ RunTime:0.003810s ]
INFO: [ view_filter ] --START--
INFO: Run Behavior\WriteHtmlCacheBehavior [ RunTime:0.000108s ]
INFO: [ view_filter ] --END-- [ RunTime:0.000119s ]

[ 2017-12-23T13:20:39+08:00 ] 113.96.219.243 /nefuer/index.php/Home/index/wxLogin?code=071OaOgk27F5dG0Z2Egk2qw4hk2OaOgF&state=http%3A%2F%2Fbaidu.com
INFO: [ app_init ] --START--
INFO: Run Behavior\BuildLiteBehavior [ RunTime:0.000007s ]
INFO: [ app_init ] --END-- [ RunTime:0.000048s ]
INFO: [ app_begin ] --START--
INFO: Run Behavior\ReadHtmlCacheBehavior [ RunTime:0.000019s ]
INFO: [ app_begin ] --END-- [ RunTime:0.000032s ]
SQL: SHOW COLUMNS FROM `user` [ RunTime:0.0005s ]
SQL: 
			SELECT `id`, `account`, `password`
			FROM `user`
			WHERE `openid` = "oAS95wQg8SehChCZzDTnFRr71VCQ";
			LIMIT 1
		 [ RunTime:0.0002s ]
INFO: [ view_parse ] --START--
INFO: [ template_filter ] --START--
INFO: Run Behavior\ContentReplaceBehavior [ RunTime:0.000035s ]
INFO: [ template_filter ] --END-- [ RunTime:0.000053s ]
INFO: Run Behavior\ParseTemplateBehavior [ RunTime:0.001912s ]
INFO: [ view_parse ] --END-- [ RunTime:0.001931s ]
INFO: [ view_filter ] --START--
INFO: Run Behavior\WriteHtmlCacheBehavior [ RunTime:0.000022s ]
INFO: [ view_filter ] --END-- [ RunTime:0.000030s ]

[ 2017-12-23T13:20:40+08:00 ] 113.96.219.243 /nefuer/index.php/Home/index/wxLogin?code=071Qovqr00W72d1kPOqr0WMyqr0Qovqs&state=http%3A%2F%2Fbaidu.com
INFO: [ app_init ] --START--
INFO: Run Behavior\BuildLiteBehavior [ RunTime:0.000006s ]
INFO: [ app_init ] --END-- [ RunTime:0.000040s ]
INFO: [ app_begin ] --START--
INFO: Run Behavior\ReadHtmlCacheBehavior [ RunTime:0.000015s ]
INFO: [ app_begin ] --END-- [ RunTime:0.000028s ]
SQL: SHOW COLUMNS FROM `user` [ RunTime:0.0004s ]
SQL: 
			SELECT `id`, `account`, `password`
			FROM `user`
			WHERE `openid` = "oAS95wQg8SehChCZzDTnFRr71VCQ";
			LIMIT 1
		 [ RunTime:0.0002s ]
INFO: [ view_parse ] --START--
INFO: [ template_filter ] --START--
INFO: Run Behavior\ContentReplaceBehavior [ RunTime:0.000031s ]
INFO: [ template_filter ] --END-- [ RunTime:0.000049s ]
INFO: Run Behavior\ParseTemplateBehavior [ RunTime:0.001645s ]
INFO: [ view_parse ] --END-- [ RunTime:0.001662s ]
INFO: [ view_filter ] --START--
INFO: Run Behavior\WriteHtmlCacheBehavior [ RunTime:0.000016s ]
INFO: [ view_filter ] --END-- [ RunTime:0.000026s ]

[ 2017-12-23T13:20:41+08:00 ] 118.203.127.106 /nefuer/?ope=http%3A%2F%2Fbaidu.com
INFO: [ app_init ] --START--
INFO: Run Behavior\BuildLiteBehavior [ RunTime:0.000006s ]
INFO: [ app_init ] --END-- [ RunTime:0.000039s ]
INFO: [ app_begin ] --START--
INFO: Run Behavior\ReadHtmlCacheBehavior [ RunTime:0.000013s ]
INFO: [ app_begin ] --END-- [ RunTime:0.000022s ]

[ 2017-12-23T13:20:53+08:00 ] 113.96.219.243 /nefuer/?ope=http%3A%2F%2Fbaidu.com
INFO: [ app_init ] --START--
INFO: Run Behavior\BuildLiteBehavior [ RunTime:0.000006s ]
INFO: [ app_init ] --END-- [ RunTime:0.000043s ]
INFO: [ app_begin ] --START--
INFO: Run Behavior\ReadHtmlCacheBehavior [ RunTime:0.000016s ]
INFO: [ app_begin ] --END-- [ RunTime:0.000026s ]

[ 2017-12-23T13:20:54+08:00 ] 113.96.219.243 /nefuer/index.php/Home/index/wxLogin?code=021t0WFm1dZaWi0f99Fm1eSFFm1t0WFy&state=http%3A%2F%2Fbaidu.com
INFO: [ app_init ] --START--
INFO: Run Behavior\BuildLiteBehavior [ RunTime:0.000007s ]
INFO: [ app_init ] --END-- [ RunTime:0.000042s ]
INFO: [ app_begin ] --START--
INFO: Run Behavior\ReadHtmlCacheBehavior [ RunTime:0.000015s ]
INFO: [ app_begin ] --END-- [ RunTime:0.000026s ]
SQL: SHOW COLUMNS FROM `user` [ RunTime:0.0005s ]
SQL: 
			SELECT `id`, `account`, `password`
			FROM `user`
			WHERE `openid` = "oAS95wQg8SehChCZzDTnFRr71VCQ";
			LIMIT 1
		 [ RunTime:0.0002s ]
INFO: [ view_parse ] --START--
INFO: [ template_filter ] --START--
INFO: Run Behavior\ContentReplaceBehavior [ RunTime:0.000033s ]
INFO: [ template_filter ] --END-- [ RunTime:0.000047s ]
INFO: Run Behavior\ParseTemplateBehavior [ RunTime:0.000916s ]
INFO: [ view_parse ] --END-- [ RunTime:0.000933s ]
INFO: [ view_filter ] --START--
INFO: Run Behavior\WriteHtmlCacheBehavior [ RunTime:0.000031s ]
INFO: [ view_filter ] --END-- [ RunTime:0.000040s ]

[ 2017-12-23T13:21:00+08:00 ] 113.96.219.243 /nefuer/index.php/Home/index/wxLogin?code=021NSiOr1VCh0o0otrPr1tw0Or1NSiOO&state=http%3A%2F%2Fbaidu.com
INFO: [ app_init ] --START--
INFO: Run Behavior\BuildLiteBehavior [ RunTime:0.000007s ]
INFO: [ app_init ] --END-- [ RunTime:0.000046s ]
INFO: [ app_begin ] --START--
INFO: Run Behavior\ReadHtmlCacheBehavior [ RunTime:0.000017s ]
INFO: [ app_begin ] --END-- [ RunTime:0.000027s ]
SQL: SHOW COLUMNS FROM `user` [ RunTime:0.0005s ]
SQL: 
			SELECT `id`, `account`, `password`
			FROM `user`
			WHERE `openid` = "oAS95wQg8SehChCZzDTnFRr71VCQ";
			LIMIT 1
		 [ RunTime:0.0002s ]
INFO: [ view_parse ] --START--
INFO: [ template_filter ] --START--
INFO: Run Behavior\ContentReplaceBehavior [ RunTime:0.000043s ]
INFO: [ template_filter ] --END-- [ RunTime:0.000061s ]
INFO: Run Behavior\ParseTemplateBehavior [ RunTime:0.001017s ]
INFO: [ view_parse ] --END-- [ RunTime:0.001037s ]
INFO: [ view_filter ] --START--
INFO: Run Behavior\WriteHtmlCacheBehavior [ RunTime:0.000025s ]
INFO: [ view_filter ] --END-- [ RunTime:0.000032s ]

[ 2017-12-23T13:21:01+08:00 ] 113.96.219.243 /nefuer/index.php/Home/index/wxLogin?code=001h6BvV0G9PLU1KHPuV0mxAvV0h6Bv5&state=http%3A%2F%2Fbaidu.com
INFO: [ app_init ] --START--
INFO: Run Behavior\BuildLiteBehavior [ RunTime:0.000006s ]
INFO: [ app_init ] --END-- [ RunTime:0.000038s ]
INFO: [ app_begin ] --START--
INFO: Run Behavior\ReadHtmlCacheBehavior [ RunTime:0.000012s ]
INFO: [ app_begin ] --END-- [ RunTime:0.000024s ]
SQL: SHOW COLUMNS FROM `user` [ RunTime:0.0005s ]
SQL: 
			SELECT `id`, `account`, `password`
			FROM `user`
			WHERE `openid` = "oAS95wQg8SehChCZzDTnFRr71VCQ";
			LIMIT 1
		 [ RunTime:0.0002s ]
INFO: [ view_parse ] --START--
INFO: [ template_filter ] --START--
INFO: Run Behavior\ContentReplaceBehavior [ RunTime:0.000038s ]
INFO: [ template_filter ] --END-- [ RunTime:0.000055s ]
INFO: Run Behavior\ParseTemplateBehavior [ RunTime:0.000984s ]
INFO: [ view_parse ] --END-- [ RunTime:0.001001s ]
INFO: [ view_filter ] --START--
INFO: Run Behavior\WriteHtmlCacheBehavior [ RunTime:0.000017s ]
INFO: [ view_filter ] --END-- [ RunTime:0.000030s ]

[ 2017-12-23T13:21:51+08:00 ] 118.203.127.106 /nefuer/
INFO: [ app_init ] --START--
INFO: Run Behavior\BuildLiteBehavior [ RunTime:0.000006s ]
INFO: [ app_init ] --END-- [ RunTime:0.000048s ]
INFO: [ app_begin ] --START--
INFO: Run Behavior\ReadHtmlCacheBehavior [ RunTime:0.000018s ]
INFO: [ app_begin ] --END-- [ RunTime:0.000032s ]

[ 2017-12-23T13:21:52+08:00 ] 118.203.127.106 /nefuer/index.php/Home/index/wxLogin?code=0813d7P31RmfhP1le8P31QFfP313d7PY&state=%2F
INFO: [ app_init ] --START--
INFO: Run Behavior\BuildLiteBehavior [ RunTime:0.000005s ]
INFO: [ app_init ] --END-- [ RunTime:0.000038s ]
INFO: [ app_begin ] --START--
INFO: Run Behavior\ReadHtmlCacheBehavior [ RunTime:0.000016s ]
INFO: [ app_begin ] --END-- [ RunTime:0.000030s ]
SQL: SHOW COLUMNS FROM `user` [ RunTime:0.0004s ]
SQL: 
			SELECT `id`, `account`, `password`
			FROM `user`
			WHERE `openid` = "oAS95weWTdF9T1g6OqOAUm0WQHPI";
			LIMIT 1
		 [ RunTime:0.0002s ]
NOTIC: [2] Illegal string offset 'user' /var/www/html/nefuer/Public/nefuer/Application/Home/Controller/IndexController.class.php 第 65 行.
NOTIC: [2] Illegal string offset 'id' /var/www/html/nefuer/Public/nefuer/Application/Home/Controller/IndexController.class.php 第 65 行.

[ 2017-12-23T13:29:15+08:00 ] 118.203.125.66 /nefuer/
INFO: [ app_init ] --START--
INFO: Run Behavior\BuildLiteBehavior [ RunTime:0.000006s ]
INFO: [ app_init ] --END-- [ RunTime:0.000043s ]
INFO: [ app_begin ] --START--
INFO: Run Behavior\ReadHtmlCacheBehavior [ RunTime:0.000015s ]
INFO: [ app_begin ] --END-- [ RunTime:0.000026s ]

[ 2017-12-23T13:29:16+08:00 ] 118.203.125.66 /nefuer/index.php/Home/index/wxLogin?code=061dsJcm1zlVfi0Wfjcm18GIcm1dsJcv&state=%2F
INFO: [ app_init ] --START--
INFO: Run Behavior\BuildLiteBehavior [ RunTime:0.000006s ]
INFO: [ app_init ] --END-- [ RunTime:0.000038s ]
INFO: [ app_begin ] --START--
INFO: Run Behavior\ReadHtmlCacheBehavior [ RunTime:0.000013s ]
INFO: [ app_begin ] --END-- [ RunTime:0.000024s ]
SQL: SHOW COLUMNS FROM `user` [ RunTime:0.0004s ]
SQL: 
			SELECT `id`, `account`, `password`
			FROM `user`
			WHERE `openid` = "oAS95wS037Mk-bqUq3rNaQLNnZfQ";
			LIMIT 1
		 [ RunTime:0.0002s ]
INFO: [ view_parse ] --START--
INFO: [ template_filter ] --START--
INFO: Run Behavior\ContentReplaceBehavior [ RunTime:0.000032s ]
INFO: [ template_filter ] --END-- [ RunTime:0.000049s ]
INFO: Run Behavior\ParseTemplateBehavior [ RunTime:0.001709s ]
INFO: [ view_parse ] --END-- [ RunTime:0.001727s ]
INFO: [ view_filter ] --START--
INFO: Run Behavior\WriteHtmlCacheBehavior [ RunTime:0.000021s ]
INFO: [ view_filter ] --END-- [ RunTime:0.000029s ]

[ 2017-12-23T13:29:24+08:00 ] 118.203.127.106 /nefuer/
INFO: [ app_init ] --START--
INFO: Run Behavior\BuildLiteBehavior [ RunTime:0.000005s ]
INFO: [ app_init ] --END-- [ RunTime:0.000042s ]
INFO: [ app_begin ] --START--
INFO: Run Behavior\ReadHtmlCacheBehavior [ RunTime:0.000016s ]
INFO: [ app_begin ] --END-- [ RunTime:0.000025s ]
NOTIC: [2] Illegal string offset 'user' /var/www/html/nefuer/Public/nefuer/Application/Home/Controller/IndexController.class.php 第 65 行.
NOTIC: [2] Illegal string offset 'id' /var/www/html/nefuer/Public/nefuer/Application/Home/Controller/IndexController.class.php 第 65 行.

[ 2017-12-23T13:34:23+08:00 ] 118.203.127.106 /nefuer/
INFO: [ app_init ] --START--
INFO: Run Behavior\BuildLiteBehavior [ RunTime:0.000007s ]
INFO: [ app_init ] --END-- [ RunTime:0.000045s ]
INFO: [ app_begin ] --START--
INFO: Run Behavior\ReadHtmlCacheBehavior [ RunTime:0.000015s ]
INFO: [ app_begin ] --END-- [ RunTime:0.000026s ]
NOTIC: [2] Illegal string offset 'user' /var/www/html/nefuer/Public/nefuer/Application/Home/Controller/IndexController.class.php 第 65 行.
NOTIC: [2] Illegal string offset 'id' /var/www/html/nefuer/Public/nefuer/Application/Home/Controller/IndexController.class.php 第 65 行.

[ 2017-12-23T13:34:48+08:00 ] 118.203.127.106 /nefuer/
INFO: [ app_init ] --START--
INFO: Run Behavior\BuildLiteBehavior [ RunTime:0.000008s ]
INFO: [ app_init ] --END-- [ RunTime:0.000059s ]
INFO: [ app_begin ] --START--
INFO: Run Behavior\ReadHtmlCacheBehavior [ RunTime:0.000035s ]
INFO: [ app_begin ] --END-- [ RunTime:0.000052s ]

[ 2017-12-23T13:34:49+08:00 ] 118.203.127.106 /nefuer/index.php/Home/index/wxLogin?code=071HqX5q1S49Sq0cK96q1Rq76q1HqX56&state=%2F
INFO: [ app_init ] --START--
INFO: Run Behavior\BuildLiteBehavior [ RunTime:0.000005s ]
INFO: [ app_init ] --END-- [ RunTime:0.000038s ]
INFO: [ app_begin ] --START--
INFO: Run Behavior\ReadHtmlCacheBehavior [ RunTime:0.000012s ]
INFO: [ app_begin ] --END-- [ RunTime:0.000023s ]
SQL: SHOW COLUMNS FROM `user` [ RunTime:0.0005s ]
SQL: 
			SELECT `id`, `account`, `password`
			FROM `user`
			WHERE `openid` = "oAS95weWTdF9T1g6OqOAUm0WQHPI";
			LIMIT 1
		 [ RunTime:0.0002s ]
INFO: [ view_parse ] --START--
INFO: [ template_filter ] --START--
INFO: Run Behavior\ContentReplaceBehavior [ RunTime:0.000030s ]
INFO: [ template_filter ] --END-- [ RunTime:0.000044s ]
INFO: Run Behavior\ParseTemplateBehavior [ RunTime:0.002159s ]
INFO: [ view_parse ] --END-- [ RunTime:0.002177s ]
INFO: [ view_filter ] --START--
INFO: Run Behavior\WriteHtmlCacheBehavior [ RunTime:0.000020s ]
INFO: [ view_filter ] --END-- [ RunTime:0.000028s ]

[ 2017-12-23T13:35:34+08:00 ] 118.203.127.106 /nefuer/
INFO: [ app_init ] --START--
INFO: Run Behavior\BuildLiteBehavior [ RunTime:0.000006s ]
INFO: [ app_init ] --END-- [ RunTime:0.000043s ]
INFO: [ app_begin ] --START--
INFO: Run Behavior\ReadHtmlCacheBehavior [ RunTime:0.000017s ]
INFO: [ app_begin ] --END-- [ RunTime:0.000030s ]
NOTIC: [2] Illegal string offset 'user' /var/www/html/nefuer/Public/nefuer/Application/Home/Controller/IndexController.class.php 第 65 行.
NOTIC: [2] Illegal string offset 'id' /var/www/html/nefuer/Public/nefuer/Application/Home/Controller/IndexController.class.php 第 65 行.

[ 2017-12-23T13:35:42+08:00 ] 118.203.127.106 /nefuer/
INFO: [ app_init ] --START--
INFO: Run Behavior\BuildLiteBehavior [ RunTime:0.000007s ]
INFO: [ app_init ] --END-- [ RunTime:0.000043s ]
INFO: [ app_begin ] --START--
INFO: Run Behavior\ReadHtmlCacheBehavior [ RunTime:0.000013s ]
INFO: [ app_begin ] --END-- [ RunTime:0.000023s ]

[ 2017-12-23T13:35:43+08:00 ] 118.203.127.106 /nefuer/index.php/Home/index/wxLogin?code=0218s6j41wl8pL1jsqi41Ldnj418s6j1&state=%2F
INFO: [ app_init ] --START--
INFO: Run Behavior\BuildLiteBehavior [ RunTime:0.000005s ]
INFO: [ app_init ] --END-- [ RunTime:0.000038s ]
INFO: [ app_begin ] --START--
INFO: Run Behavior\ReadHtmlCacheBehavior [ RunTime:0.000016s ]
INFO: [ app_begin ] --END-- [ RunTime:0.000029s ]
SQL: SHOW COLUMNS FROM `user` [ RunTime:0.0004s ]
SQL: 
			SELECT `id`, `account`, `password`
			FROM `user`
			WHERE `openid` = "oAS95weWTdF9T1g6OqOAUm0WQHPI";
			LIMIT 1
		 [ RunTime:0.0002s ]
INFO: [ view_parse ] --START--
INFO: [ template_filter ] --START--
INFO: Run Behavior\ContentReplaceBehavior [ RunTime:0.000032s ]
INFO: [ template_filter ] --END-- [ RunTime:0.000058s ]
INFO: Run Behavior\ParseTemplateBehavior [ RunTime:0.000994s ]
INFO: [ view_parse ] --END-- [ RunTime:0.001013s ]
INFO: [ view_filter ] --START--
INFO: Run Behavior\WriteHtmlCacheBehavior [ RunTime:0.000020s ]
INFO: [ view_filter ] --END-- [ RunTime:0.000028s ]

[ 2017-12-23T13:35:47+08:00 ] 118.203.127.106 /nefuer/?ope=/
INFO: [ app_init ] --START--
INFO: Run Behavior\BuildLiteBehavior [ RunTime:0.000006s ]
INFO: [ app_init ] --END-- [ RunTime:0.000037s ]
INFO: [ app_begin ] --START--
INFO: Run Behavior\ReadHtmlCacheBehavior [ RunTime:0.000017s ]
INFO: [ app_begin ] --END-- [ RunTime:0.000066s ]
NOTIC: [2] Illegal string offset 'user' /var/www/html/nefuer/Public/nefuer/Application/Home/Controller/IndexController.class.php 第 65 行.
NOTIC: [2] Illegal string offset 'id' /var/www/html/nefuer/Public/nefuer/Application/Home/Controller/IndexController.class.php 第 65 行.

[ 2017-12-23T13:36:15+08:00 ] 118.203.127.106 /nefuer/
INFO: [ app_init ] --START--
INFO: Run Behavior\BuildLiteBehavior [ RunTime:0.000006s ]
INFO: [ app_init ] --END-- [ RunTime:0.000041s ]
INFO: [ app_begin ] --START--
INFO: Run Behavior\ReadHtmlCacheBehavior [ RunTime:0.000016s ]
INFO: [ app_begin ] --END-- [ RunTime:0.000026s ]

[ 2017-12-23T13:36:16+08:00 ] 118.203.127.106 /nefuer/index.php/Home/index/wxLogin?code=001OEZ7D1N4sB30m0ybD1RSH7D1OEZ7u&state=%2F
INFO: [ app_init ] --START--
INFO: Run Behavior\BuildLiteBehavior [ RunTime:0.000006s ]
INFO: [ app_init ] --END-- [ RunTime:0.000043s ]
INFO: [ app_begin ] --START--
INFO: Run Behavior\ReadHtmlCacheBehavior [ RunTime:0.000015s ]
INFO: [ app_begin ] --END-- [ RunTime:0.000027s ]
SQL: SHOW COLUMNS FROM `user` [ RunTime:0.0005s ]
SQL: 
			SELECT `id`, `account`, `password`
			FROM `user`
			WHERE `openid` = "oAS95weWTdF9T1g6OqOAUm0WQHPI";
			LIMIT 1
		 [ RunTime:0.0002s ]
NOTIC: [2] Illegal string offset 'user' /var/www/html/nefuer/Public/nefuer/Application/Home/Controller/IndexController.class.php 第 65 行.
NOTIC: [2] Illegal string offset 'id' /var/www/html/nefuer/Public/nefuer/Application/Home/Controller/IndexController.class.php 第 65 行.

[ 2017-12-23T13:36:21+08:00 ] 118.203.127.106 /nefuer/
INFO: [ app_init ] --START--
INFO: Run Behavior\BuildLiteBehavior [ RunTime:0.000009s ]
INFO: [ app_init ] --END-- [ RunTime:0.000059s ]
INFO: [ app_begin ] --START--
INFO: Run Behavior\ReadHtmlCacheBehavior [ RunTime:0.000023s ]
INFO: [ app_begin ] --END-- [ RunTime:0.000060s ]
NOTIC: [2] Illegal string offset 'user' /var/www/html/nefuer/Public/nefuer/Application/Home/Controller/IndexController.class.php 第 65 行.
NOTIC: [2] Illegal string offset 'id' /var/www/html/nefuer/Public/nefuer/Application/Home/Controller/IndexController.class.php 第 65 行.

[ 2017-12-23T13:36:36+08:00 ] 118.203.125.66 /nefuer/
INFO: [ app_init ] --START--
INFO: Run Behavior\BuildLiteBehavior [ RunTime:0.000006s ]
INFO: [ app_init ] --END-- [ RunTime:0.000051s ]
INFO: [ app_begin ] --START--
INFO: Run Behavior\ReadHtmlCacheBehavior [ RunTime:0.000017s ]
INFO: [ app_begin ] --END-- [ RunTime:0.000028s ]

[ 2017-12-23T13:36:37+08:00 ] 118.203.125.66 /nefuer/index.php/Home/index/wxLogin?code=0013PtWm1DzLdj0oIvZm1VjwWm13PtWG&state=%2F
INFO: [ app_init ] --START--
INFO: Run Behavior\BuildLiteBehavior [ RunTime:0.000006s ]
INFO: [ app_init ] --END-- [ RunTime:0.000039s ]
INFO: [ app_begin ] --START--
INFO: Run Behavior\ReadHtmlCacheBehavior [ RunTime:0.000015s ]
INFO: [ app_begin ] --END-- [ RunTime:0.000027s ]
SQL: SHOW COLUMNS FROM `user` [ RunTime:0.0005s ]
SQL: 
			SELECT `id`, `account`, `password`
			FROM `user`
			WHERE `openid` = "oAS95wS037Mk-bqUq3rNaQLNnZfQ";
			LIMIT 1
		 [ RunTime:0.0002s ]
INFO: [ view_parse ] --START--
INFO: [ template_filter ] --START--
INFO: Run Behavior\ContentReplaceBehavior [ RunTime:0.000029s ]
INFO: [ template_filter ] --END-- [ RunTime:0.000045s ]
INFO: Run Behavior\ParseTemplateBehavior [ RunTime:0.000884s ]
INFO: [ view_parse ] --END-- [ RunTime:0.000902s ]
INFO: [ view_filter ] --START--
INFO: Run Behavior\WriteHtmlCacheBehavior [ RunTime:0.000021s ]
INFO: [ view_filter ] --END-- [ RunTime:0.000028s ]

[ 2017-12-23T13:38:27+08:00 ] 118.203.127.106 /nefuer/
INFO: [ app_init ] --START--
INFO: Run Behavior\BuildLiteBehavior [ RunTime:0.000009s ]
INFO: [ app_init ] --END-- [ RunTime:0.000081s ]
INFO: [ app_begin ] --START--
INFO: Run Behavior\ReadHtmlCacheBehavior [ RunTime:0.000021s ]
INFO: [ app_begin ] --END-- [ RunTime:0.000038s ]
NOTIC: [2] Illegal string offset 'user' /var/www/html/nefuer/Public/nefuer/Application/Home/Controller/IndexController.class.php 第 65 行.
NOTIC: [2] Illegal string offset 'id' /var/www/html/nefuer/Public/nefuer/Application/Home/Controller/IndexController.class.php 第 65 行.

[ 2017-12-23T13:38:35+08:00 ] 118.203.127.106 /nefuer/
INFO: [ app_init ] --START--
INFO: Run Behavior\BuildLiteBehavior [ RunTime:0.000007s ]
INFO: [ app_init ] --END-- [ RunTime:0.000046s ]
INFO: [ app_begin ] --START--
INFO: Run Behavior\ReadHtmlCacheBehavior [ RunTime:0.000015s ]
INFO: [ app_begin ] --END-- [ RunTime:0.000026s ]

[ 2017-12-23T13:38:36+08:00 ] 118.203.127.106 /nefuer/index.php/Home/index/wxLogin?code=011t7CE20XQioC1IBFD20QjrE20t7CEv&state=%2F
INFO: [ app_init ] --START--
INFO: Run Behavior\BuildLiteBehavior [ RunTime:0.000006s ]
INFO: [ app_init ] --END-- [ RunTime:0.000038s ]
INFO: [ app_begin ] --START--
INFO: Run Behavior\ReadHtmlCacheBehavior [ RunTime:0.000012s ]
INFO: [ app_begin ] --END-- [ RunTime:0.000023s ]
SQL: SHOW COLUMNS FROM `user` [ RunTime:0.0004s ]
SQL: 
			SELECT `id`, `account`, `password`
			FROM `user`
			WHERE `openid` = "oAS95weWTdF9T1g6OqOAUm0WQHPI";
			LIMIT 1
		 [ RunTime:0.0002s ]
INFO: [ view_parse ] --START--
INFO: [ template_filter ] --START--
INFO: Run Behavior\ContentReplaceBehavior [ RunTime:0.000040s ]
INFO: [ template_filter ] --END-- [ RunTime:0.000055s ]
INFO: Run Behavior\ParseTemplateBehavior [ RunTime:0.000857s ]
INFO: [ view_parse ] --END-- [ RunTime:0.000873s ]
INFO: [ view_filter ] --START--
INFO: Run Behavior\WriteHtmlCacheBehavior [ RunTime:0.000022s ]
INFO: [ view_filter ] --END-- [ RunTime:0.000029s ]

[ 2017-12-23T13:39:37+08:00 ] 118.203.127.106 /nefuer/
INFO: [ app_init ] --START--
INFO: Run Behavior\BuildLiteBehavior [ RunTime:0.000006s ]
INFO: [ app_init ] --END-- [ RunTime:0.000043s ]
INFO: [ app_begin ] --START--
INFO: Run Behavior\ReadHtmlCacheBehavior [ RunTime:0.000015s ]
INFO: [ app_begin ] --END-- [ RunTime:0.000025s ]

[ 2017-12-23T13:39:38+08:00 ] 118.203.127.106 /nefuer/index.php/Home/index/wxLogin?code=011vIOFv03VdLc1335Gv0dmyFv0vIOFF&state=%2F
INFO: [ app_init ] --START--
INFO: Run Behavior\BuildLiteBehavior [ RunTime:0.000006s ]
INFO: [ app_init ] --END-- [ RunTime:0.000040s ]
INFO: [ app_begin ] --START--
INFO: Run Behavior\ReadHtmlCacheBehavior [ RunTime:0.000013s ]
INFO: [ app_begin ] --END-- [ RunTime:0.000022s ]
SQL: SHOW COLUMNS FROM `user` [ RunTime:0.0005s ]
SQL: 
			SELECT `id`, `account`, `password`
			FROM `user`
			WHERE `openid` = "oAS95weWTdF9T1g6OqOAUm0WQHPI";
			LIMIT 1
		 [ RunTime:0.0002s ]
INFO: [ view_parse ] --START--
INFO: [ template_filter ] --START--
INFO: Run Behavior\ContentReplaceBehavior [ RunTime:0.000030s ]
INFO: [ template_filter ] --END-- [ RunTime:0.000046s ]
INFO: Run Behavior\ParseTemplateBehavior [ RunTime:0.000971s ]
INFO: [ view_parse ] --END-- [ RunTime:0.000986s ]
INFO: [ view_filter ] --START--
INFO: Run Behavior\WriteHtmlCacheBehavior [ RunTime:0.000020s ]
INFO: [ view_filter ] --END-- [ RunTime:0.000028s ]

[ 2017-12-23T13:40:31+08:00 ] 118.203.127.106 /nefuer/index.php/Home/index/wxLogin?code=011vIOFv03VdLc1335Gv0dmyFv0vIOFF&state=%2F
INFO: [ app_init ] --START--
INFO: Run Behavior\BuildLiteBehavior [ RunTime:0.000006s ]
INFO: [ app_init ] --END-- [ RunTime:0.000042s ]
INFO: [ app_begin ] --START--
INFO: Run Behavior\ReadHtmlCacheBehavior [ RunTime:0.000016s ]
INFO: [ app_begin ] --END-- [ RunTime:0.000026s ]
INFO: [ view_parse ] --START--
INFO: [ template_filter ] --START--
INFO: Run Behavior\ContentReplaceBehavior [ RunTime:0.000028s ]
INFO: [ template_filter ] --END-- [ RunTime:0.000054s ]
INFO: Run Behavior\ParseTemplateBehavior [ RunTime:0.000851s ]
INFO: [ view_parse ] --END-- [ RunTime:0.000876s ]
INFO: [ view_filter ] --START--
INFO: Run Behavior\WriteHtmlCacheBehavior [ RunTime:0.000020s ]
INFO: [ view_filter ] --END-- [ RunTime:0.000027s ]

[ 2017-12-23T13:40:33+08:00 ] 118.203.127.106 /nefuer/index.php/Home/index/wxLogin?code=011vIOFv03VdLc1335Gv0dmyFv0vIOFF&state=%2F
INFO: [ app_init ] --START--
INFO: Run Behavior\BuildLiteBehavior [ RunTime:0.000006s ]
INFO: [ app_init ] --END-- [ RunTime:0.000045s ]
INFO: [ app_begin ] --START--
INFO: Run Behavior\ReadHtmlCacheBehavior [ RunTime:0.000015s ]
INFO: [ app_begin ] --END-- [ RunTime:0.000028s ]
INFO: [ view_parse ] --START--
INFO: [ template_filter ] --START--
INFO: Run Behavior\ContentReplaceBehavior [ RunTime:0.000025s ]
INFO: [ template_filter ] --END-- [ RunTime:0.000045s ]
INFO: Run Behavior\ParseTemplateBehavior [ RunTime:0.000831s ]
INFO: [ view_parse ] --END-- [ RunTime:0.000855s ]
INFO: [ view_filter ] --START--
INFO: Run Behavior\WriteHtmlCacheBehavior [ RunTime:0.000018s ]
INFO: [ view_filter ] --END-- [ RunTime:0.000025s ]

[ 2017-12-23T13:40:37+08:00 ] 118.203.127.106 /nefuer/index.php/Home/index/wxLogin?code=0610CZTv0DnNDh1EsxUv0mhRTv00CZT4&state=%2F
INFO: [ app_init ] --START--
INFO: Run Behavior\BuildLiteBehavior [ RunTime:0.000006s ]
INFO: [ app_init ] --END-- [ RunTime:0.000042s ]
INFO: [ app_begin ] --START--
INFO: Run Behavior\ReadHtmlCacheBehavior [ RunTime:0.000015s ]
INFO: [ app_begin ] --END-- [ RunTime:0.000026s ]
SQL: SHOW COLUMNS FROM `user` [ RunTime:0.0004s ]
SQL: 
			SELECT `id`, `account`, `password`
			FROM `user`
			WHERE `openid` = "oAS95weWTdF9T1g6OqOAUm0WQHPI";
			LIMIT 1
		 [ RunTime:0.0002s ]
INFO: [ view_parse ] --START--
INFO: [ template_filter ] --START--
INFO: Run Behavior\ContentReplaceBehavior [ RunTime:0.000031s ]
INFO: [ template_filter ] --END-- [ RunTime:0.000046s ]
INFO: Run Behavior\ParseTemplateBehavior [ RunTime:0.000884s ]
INFO: [ view_parse ] --END-- [ RunTime:0.000899s ]
INFO: [ view_filter ] --START--
INFO: Run Behavior\WriteHtmlCacheBehavior [ RunTime:0.000026s ]
INFO: [ view_filter ] --END-- [ RunTime:0.000034s ]

[ 2017-12-23T13:57:30+08:00 ] 118.203.127.106 /nefuer/index.php/Home/index/wxLogin?code=0610CZTv0DnNDh1EsxUv0mhRTv00CZT4&state=%2F
INFO: [ app_init ] --START--
INFO: Run Behavior\BuildLiteBehavior [ RunTime:0.000006s ]
INFO: [ app_init ] --END-- [ RunTime:0.000042s ]
INFO: [ app_begin ] --START--
INFO: Run Behavior\ReadHtmlCacheBehavior [ RunTime:0.000036s ]
INFO: [ app_begin ] --END-- [ RunTime:0.000049s ]
ERR: syntax error, unexpected 'else' (T_ELSE)

[ 2017-12-23T13:57:52+08:00 ] 118.203.127.106 /nefuer/index.php/Home/index/wxLogin?code=0610CZTv0DnNDh1EsxUv0mhRTv00CZT4&state=%2F
INFO: [ app_init ] --START--
INFO: Run Behavior\BuildLiteBehavior [ RunTime:0.000006s ]
INFO: [ app_init ] --END-- [ RunTime:0.000051s ]
INFO: [ app_begin ] --START--
INFO: Run Behavior\ReadHtmlCacheBehavior [ RunTime:0.000025s ]
INFO: [ app_begin ] --END-- [ RunTime:0.000040s ]
INFO: [ view_parse ] --START--
INFO: [ template_filter ] --START--
INFO: Run Behavior\ContentReplaceBehavior [ RunTime:0.000026s ]
INFO: [ template_filter ] --END-- [ RunTime:0.000060s ]
INFO: Run Behavior\ParseTemplateBehavior [ RunTime:0.000853s ]
INFO: [ view_parse ] --END-- [ RunTime:0.000881s ]
INFO: [ view_filter ] --START--
INFO: Run Behavior\WriteHtmlCacheBehavior [ RunTime:0.000022s ]
INFO: [ view_filter ] --END-- [ RunTime:0.000031s ]

[ 2017-12-23T13:57:54+08:00 ] 118.203.127.106 /nefuer/index.php/Home/index/wxLogin?code=0610CZTv0DnNDh1EsxUv0mhRTv00CZT4&state=%2F
INFO: [ app_init ] --START--
INFO: Run Behavior\BuildLiteBehavior [ RunTime:0.000006s ]
INFO: [ app_init ] --END-- [ RunTime:0.000039s ]
INFO: [ app_begin ] --START--
INFO: Run Behavior\ReadHtmlCacheBehavior [ RunTime:0.000012s ]
INFO: [ app_begin ] --END-- [ RunTime:0.000023s ]
INFO: [ view_parse ] --START--
INFO: [ template_filter ] --START--
INFO: Run Behavior\ContentReplaceBehavior [ RunTime:0.000026s ]
INFO: [ template_filter ] --END-- [ RunTime:0.000052s ]
INFO: Run Behavior\ParseTemplateBehavior [ RunTime:0.000981s ]
INFO: [ view_parse ] --END-- [ RunTime:0.001009s ]
INFO: [ view_filter ] --START--
INFO: Run Behavior\WriteHtmlCacheBehavior [ RunTime:0.000018s ]
INFO: [ view_filter ] --END-- [ RunTime:0.000026s ]

[ 2017-12-23T13:57:57+08:00 ] 118.203.127.106 /nefuer/index.php/
INFO: [ app_init ] --START--
INFO: Run Behavior\BuildLiteBehavior [ RunTime:0.000007s ]
INFO: [ app_init ] --END-- [ RunTime:0.000068s ]
INFO: [ app_begin ] --START--
INFO: Run Behavior\ReadHtmlCacheBehavior [ RunTime:0.000016s ]
INFO: [ app_begin ] --END-- [ RunTime:0.000028s ]
NOTIC: [2] Illegal string offset 'user' /var/www/html/nefuer/Public/nefuer/Application/Home/Controller/IndexController.class.php 第 65 行.
NOTIC: [2] Illegal string offset 'id' /var/www/html/nefuer/Public/nefuer/Application/Home/Controller/IndexController.class.php 第 65 行.

[ 2017-12-23T13:57:58+08:00 ] 118.203.127.106 /nefuer/index.php/Home/index/wxLogin?code=021DC8Hb0jJHkt1laUFb0plfHb0DC8Hx&state=%2F
INFO: [ app_init ] --START--
INFO: Run Behavior\BuildLiteBehavior [ RunTime:0.000005s ]
INFO: [ app_init ] --END-- [ RunTime:0.000039s ]
INFO: [ app_begin ] --START--
INFO: Run Behavior\ReadHtmlCacheBehavior [ RunTime:0.000013s ]
INFO: [ app_begin ] --END-- [ RunTime:0.000023s ]
SQL: SHOW COLUMNS FROM `user` [ RunTime:0.0004s ]
SQL: 
			SELECT `id`, `account`, `password`
			FROM `user`
			WHERE `openid` = "oAS95weWTdF9T1g6OqOAUm0WQHPI";
			LIMIT 1
		 [ RunTime:0.0003s ]
NOTIC: [2] Illegal string offset 'user' /var/www/html/nefuer/Public/nefuer/Application/Home/Controller/IndexController.class.php 第 65 行.
NOTIC: [2] Illegal string offset 'id' /var/www/html/nefuer/Public/nefuer/Application/Home/Controller/IndexController.class.php 第 65 行.

[ 2017-12-23T13:58:11+08:00 ] 118.203.127.106 /nefuer/
INFO: [ app_init ] --START--
INFO: Run Behavior\BuildLiteBehavior [ RunTime:0.000006s ]
INFO: [ app_init ] --END-- [ RunTime:0.000043s ]
INFO: [ app_begin ] --START--
INFO: Run Behavior\ReadHtmlCacheBehavior [ RunTime:0.000017s ]
INFO: [ app_begin ] --END-- [ RunTime:0.000029s ]

[ 2017-12-23T13:58:12+08:00 ] 118.203.127.106 /nefuer/index.php/Home/index/wxLogin?code=0812Uksk2QpF2G04vHtk2hoosk22Uksa&state=%2F
INFO: [ app_init ] --START--
INFO: Run Behavior\BuildLiteBehavior [ RunTime:0.000005s ]
INFO: [ app_init ] --END-- [ RunTime:0.000038s ]
INFO: [ app_begin ] --START--
INFO: Run Behavior\ReadHtmlCacheBehavior [ RunTime:0.000017s ]
INFO: [ app_begin ] --END-- [ RunTime:0.000031s ]
SQL: SHOW COLUMNS FROM `user` [ RunTime:0.0005s ]
SQL: 
			SELECT `id`, `account`, `password`
			FROM `user`
			WHERE `openid` = "oAS95weWTdF9T1g6OqOAUm0WQHPI";
			LIMIT 1
		 [ RunTime:0.0002s ]
INFO: [ view_parse ] --START--
INFO: [ template_filter ] --START--
INFO: Run Behavior\ContentReplaceBehavior [ RunTime:0.000028s ]
INFO: [ template_filter ] --END-- [ RunTime:0.000043s ]
INFO: Run Behavior\ParseTemplateBehavior [ RunTime:0.000891s ]
INFO: [ view_parse ] --END-- [ RunTime:0.000908s ]
INFO: [ view_filter ] --START--
INFO: Run Behavior\WriteHtmlCacheBehavior [ RunTime:0.000021s ]
INFO: [ view_filter ] --END-- [ RunTime:0.000028s ]

[ 2017-12-23T14:04:33+08:00 ] 118.203.127.106 /nefuer/index.php/Home/index/wxLogin?code=0812Uksk2QpF2G04vHtk2hoosk22Uksa&state=%2F
INFO: [ app_init ] --START--
INFO: Run Behavior\BuildLiteBehavior [ RunTime:0.000006s ]
INFO: [ app_init ] --END-- [ RunTime:0.000042s ]
INFO: [ app_begin ] --START--
INFO: Run Behavior\ReadHtmlCacheBehavior [ RunTime:0.000017s ]
INFO: [ app_begin ] --END-- [ RunTime:0.000028s ]
INFO: [ view_parse ] --START--
INFO: [ template_filter ] --START--
INFO: Run Behavior\ContentReplaceBehavior [ RunTime:0.000023s ]
INFO: [ template_filter ] --END-- [ RunTime:0.000043s ]
INFO: Run Behavior\ParseTemplateBehavior [ RunTime:0.000811s ]
INFO: [ view_parse ] --END-- [ RunTime:0.000836s ]
INFO: [ view_filter ] --START--
INFO: Run Behavior\WriteHtmlCacheBehavior [ RunTime:0.000020s ]
INFO: [ view_filter ] --END-- [ RunTime:0.000027s ]

[ 2017-12-23T14:04:36+08:00 ] 118.203.127.106 /nefuer/index.php/Home/index/wxLogin?code=071VDFfL12biS31WcpeL13CofL1VDFfS&state=%2F
INFO: [ app_init ] --START--
INFO: Run Behavior\BuildLiteBehavior [ RunTime:0.000006s ]
INFO: [ app_init ] --END-- [ RunTime:0.000051s ]
INFO: [ app_begin ] --START--
INFO: Run Behavior\ReadHtmlCacheBehavior [ RunTime:0.000024s ]
INFO: [ app_begin ] --END-- [ RunTime:0.000036s ]
SQL: SHOW COLUMNS FROM `user` [ RunTime:0.0005s ]
SQL: 
			SELECT `id`, `account`, `password`
			FROM `user`
			WHERE `openid` = "oAS95weWTdF9T1g6OqOAUm0WQHPI";
			LIMIT 1
		 [ RunTime:0.0003s ]
NOTIC: [2] Illegal string offset 'user' /var/www/html/nefuer/Public/nefuer/Application/Home/Controller/IndexController.class.php 第 65 行.
NOTIC: [2] Illegal string offset 'id' /var/www/html/nefuer/Public/nefuer/Application/Home/Controller/IndexController.class.php 第 65 行.

[ 2017-12-23T14:04:46+08:00 ] 118.203.127.106 /nefuer/
INFO: [ app_init ] --START--
INFO: Run Behavior\BuildLiteBehavior [ RunTime:0.000008s ]
INFO: [ app_init ] --END-- [ RunTime:0.000075s ]
INFO: [ app_begin ] --START--
INFO: Run Behavior\ReadHtmlCacheBehavior [ RunTime:0.000019s ]
INFO: [ app_begin ] --END-- [ RunTime:0.000057s ]
NOTIC: [2] Illegal string offset 'user' /var/www/html/nefuer/Public/nefuer/Application/Home/Controller/IndexController.class.php 第 65 行.
NOTIC: [2] Illegal string offset 'id' /var/www/html/nefuer/Public/nefuer/Application/Home/Controller/IndexController.class.php 第 65 行.

[ 2017-12-23T14:04:54+08:00 ] 118.203.127.106 /nefuer/
INFO: [ app_init ] --START--
INFO: Run Behavior\BuildLiteBehavior [ RunTime:0.000007s ]
INFO: [ app_init ] --END-- [ RunTime:0.000043s ]
INFO: [ app_begin ] --START--
INFO: Run Behavior\ReadHtmlCacheBehavior [ RunTime:0.000015s ]
INFO: [ app_begin ] --END-- [ RunTime:0.000026s ]

[ 2017-12-23T14:04:55+08:00 ] 118.203.127.106 /nefuer/index.php/Home/index/wxLogin?code=011HNuJQ0GyO282su0LQ0hSwJQ0HNuJW&state=%2F
INFO: [ app_init ] --START--
INFO: Run Behavior\BuildLiteBehavior [ RunTime:0.000006s ]
INFO: [ app_init ] --END-- [ RunTime:0.000039s ]
INFO: [ app_begin ] --START--
INFO: Run Behavior\ReadHtmlCacheBehavior [ RunTime:0.000012s ]
INFO: [ app_begin ] --END-- [ RunTime:0.000023s ]
SQL: SHOW COLUMNS FROM `user` [ RunTime:0.0004s ]
SQL: 
			SELECT `id`, `account`, `password`
			FROM `user`
			WHERE `openid` = "oAS95weWTdF9T1g6OqOAUm0WQHPI";
			LIMIT 1
		 [ RunTime:0.0002s ]
INFO: [ view_parse ] --START--
INFO: [ template_filter ] --START--
INFO: Run Behavior\ContentReplaceBehavior [ RunTime:0.000033s ]
INFO: [ template_filter ] --END-- [ RunTime:0.000049s ]
INFO: Run Behavior\ParseTemplateBehavior [ RunTime:0.000962s ]
INFO: [ view_parse ] --END-- [ RunTime:0.000980s ]
INFO: [ view_filter ] --START--
INFO: Run Behavior\WriteHtmlCacheBehavior [ RunTime:0.000022s ]
INFO: [ view_filter ] --END-- [ RunTime:0.000031s ]

[ 2017-12-23T15:15:39+08:00 ] 118.203.127.106 /nefuer/index.php/Home/index/wxLogin?code=011HNuJQ0GyO282su0LQ0hSwJQ0HNuJW&state=%2F
INFO: [ app_init ] --START--
INFO: Run Behavior\BuildLiteBehavior [ RunTime:0.000006s ]
INFO: [ app_init ] --END-- [ RunTime:0.000043s ]
INFO: [ app_begin ] --START--
INFO: Run Behavior\ReadHtmlCacheBehavior [ RunTime:0.000017s ]
INFO: [ app_begin ] --END-- [ RunTime:0.000031s ]
INFO: [ view_parse ] --START--
INFO: [ template_filter ] --START--
INFO: Run Behavior\ContentReplaceBehavior [ RunTime:0.000024s ]
INFO: [ template_filter ] --END-- [ RunTime:0.000045s ]
INFO: Run Behavior\ParseTemplateBehavior [ RunTime:0.000856s ]
INFO: [ view_parse ] --END-- [ RunTime:0.000890s ]
INFO: [ view_filter ] --START--
INFO: Run Behavior\WriteHtmlCacheBehavior [ RunTime:0.000022s ]
INFO: [ view_filter ] --END-- [ RunTime:0.000030s ]

[ 2017-12-23T15:15:43+08:00 ] 118.203.127.106 /nefuer/index.php/Home/index/wxLogin?code=0017ucWY0lu5H22PniTY0UVVVY07ucWa&state=%2F
INFO: [ app_init ] --START--
INFO: Run Behavior\BuildLiteBehavior [ RunTime:0.000006s ]
INFO: [ app_init ] --END-- [ RunTime:0.000045s ]
INFO: [ app_begin ] --START--
INFO: Run Behavior\ReadHtmlCacheBehavior [ RunTime:0.000015s ]
INFO: [ app_begin ] --END-- [ RunTime:0.000026s ]
SQL: SHOW COLUMNS FROM `user` [ RunTime:0.0005s ]
SQL: 
			SELECT `id`, `account`, `password`
			FROM `user`
			WHERE `openid` = "oAS95weWTdF9T1g6OqOAUm0WQHPI";
			LIMIT 1
		 [ RunTime:0.0002s ]
INFO: [ view_parse ] --START--
INFO: [ template_filter ] --START--
INFO: Run Behavior\ContentReplaceBehavior [ RunTime:0.000031s ]
INFO: [ template_filter ] --END-- [ RunTime:0.000046s ]
INFO: Run Behavior\ParseTemplateBehavior [ RunTime:0.000902s ]
INFO: [ view_parse ] --END-- [ RunTime:0.000921s ]
INFO: [ view_filter ] --START--
INFO: Run Behavior\WriteHtmlCacheBehavior [ RunTime:0.000029s ]
INFO: [ view_filter ] --END-- [ RunTime:0.000040s ]

[ 2017-12-23T15:30:08+08:00 ] 118.203.127.106 /nefuer/
INFO: [ app_init ] --START--
INFO: Run Behavior\BuildLiteBehavior [ RunTime:0.000005s ]
INFO: [ app_init ] --END-- [ RunTime:0.000043s ]
INFO: [ app_begin ] --START--
INFO: Run Behavior\ReadHtmlCacheBehavior [ RunTime:0.000018s ]
INFO: [ app_begin ] --END-- [ RunTime:0.000032s ]
NOTIC: [2] Illegal string offset 'user' /var/www/html/nefuer/Public/nefuer/Application/Home/Controller/IndexController.class.php 第 65 行.
NOTIC: [2] Illegal string offset 'id' /var/www/html/nefuer/Public/nefuer/Application/Home/Controller/IndexController.class.php 第 65 行.

[ 2017-12-23T15:30:23+08:00 ] 118.203.127.106 /nefuer/
INFO: [ app_init ] --START--
INFO: Run Behavior\BuildLiteBehavior [ RunTime:0.000007s ]
INFO: [ app_init ] --END-- [ RunTime:0.000054s ]
INFO: [ app_begin ] --START--
INFO: Run Behavior\ReadHtmlCacheBehavior [ RunTime:0.000016s ]
INFO: [ app_begin ] --END-- [ RunTime:0.000027s ]

[ 2017-12-23T15:30:51+08:00 ] 118.203.127.106 /nefuer/
INFO: [ app_init ] --START--
INFO: Run Behavior\BuildLiteBehavior [ RunTime:0.000006s ]
INFO: [ app_init ] --END-- [ RunTime:0.000043s ]
INFO: [ app_begin ] --START--
INFO: Run Behavior\ReadHtmlCacheBehavior [ RunTime:0.000018s ]
INFO: [ app_begin ] --END-- [ RunTime:0.000032s ]

[ 2017-12-23T15:30:58+08:00 ] 118.203.127.106 /nefuer/
INFO: [ app_init ] --START--
INFO: Run Behavior\BuildLiteBehavior [ RunTime:0.000006s ]
INFO: [ app_init ] --END-- [ RunTime:0.000043s ]
INFO: [ app_begin ] --START--
INFO: Run Behavior\ReadHtmlCacheBehavior [ RunTime:0.000015s ]
INFO: [ app_begin ] --END-- [ RunTime:0.000026s ]

[ 2017-12-23T15:31:06+08:00 ] 118.203.127.106 /nefuer/
INFO: [ app_init ] --START--
INFO: Run Behavior\BuildLiteBehavior [ RunTime:0.000006s ]
INFO: [ app_init ] --END-- [ RunTime:0.000045s ]
INFO: [ app_begin ] --START--
INFO: Run Behavior\ReadHtmlCacheBehavior [ RunTime:0.000016s ]
INFO: [ app_begin ] --END-- [ RunTime:0.000027s ]

[ 2017-12-23T17:30:49+08:00 ] 118.203.127.106 /nefuer/
INFO: [ app_init ] --START--
INFO: Run Behavior\BuildLiteBehavior [ RunTime:0.000006s ]
INFO: [ app_init ] --END-- [ RunTime:0.000042s ]
INFO: [ app_begin ] --START--
INFO: Run Behavior\ReadHtmlCacheBehavior [ RunTime:0.000018s ]
INFO: [ app_begin ] --END-- [ RunTime:0.000031s ]

[ 2017-12-23T17:31:39+08:00 ] 118.203.127.106 /nefuer/
INFO: [ app_init ] --START--
INFO: Run Behavior\BuildLiteBehavior [ RunTime:0.000006s ]
INFO: [ app_init ] --END-- [ RunTime:0.000042s ]
INFO: [ app_begin ] --START--
INFO: Run Behavior\ReadHtmlCacheBehavior [ RunTime:0.000017s ]
INFO: [ app_begin ] --END-- [ RunTime:0.000030s ]

[ 2017-12-23T17:31:40+08:00 ] 118.203.127.106 /nefuer/index.php/Home/index/wxLogin?code=001AFqzQ143ul91d8xxQ15slzQ1AFqzD&state=%2F
INFO: [ app_init ] --START--
INFO: Run Behavior\BuildLiteBehavior [ RunTime:0.000006s ]
INFO: [ app_init ] --END-- [ RunTime:0.000041s ]
INFO: [ app_begin ] --START--
INFO: Run Behavior\ReadHtmlCacheBehavior [ RunTime:0.000013s ]
INFO: [ app_begin ] --END-- [ RunTime:0.000024s ]
SQL: SHOW COLUMNS FROM `user` [ RunTime:0.0005s ]
SQL: 
			SELECT `id`, `account`, `password`
			FROM `user`
			WHERE `openid` = "oAS95weWTdF9T1g6OqOAUm0WQHPI";
			LIMIT 1
		 [ RunTime:0.0002s ]
INFO: [ view_parse ] --START--
INFO: [ template_filter ] --START--
INFO: Run Behavior\ContentReplaceBehavior [ RunTime:0.000031s ]
INFO: [ template_filter ] --END-- [ RunTime:0.000045s ]
INFO: Run Behavior\ParseTemplateBehavior [ RunTime:0.000859s ]
INFO: [ view_parse ] --END-- [ RunTime:0.000875s ]
INFO: [ view_filter ] --START--
INFO: Run Behavior\WriteHtmlCacheBehavior [ RunTime:0.000030s ]
INFO: [ view_filter ] --END-- [ RunTime:0.000038s ]

[ 2017-12-23T17:32:15+08:00 ] 118.203.127.106 /nefuer/index.php/Home/index/loginPage
INFO: [ app_init ] --START--
INFO: Run Behavior\BuildLiteBehavior [ RunTime:0.000007s ]
INFO: [ app_init ] --END-- [ RunTime:0.000044s ]
INFO: [ app_begin ] --START--
INFO: Run Behavior\ReadHtmlCacheBehavior [ RunTime:0.000017s ]
INFO: [ app_begin ] --END-- [ RunTime:0.000028s ]
INFO: [ view_parse ] --START--
INFO: [ template_filter ] --START--
INFO: Run Behavior\ContentReplaceBehavior [ RunTime:0.000026s ]
INFO: [ template_filter ] --END-- [ RunTime:0.000041s ]
INFO: Run Behavior\ParseTemplateBehavior [ RunTime:0.000902s ]
INFO: [ view_parse ] --END-- [ RunTime:0.000919s ]
INFO: [ view_filter ] --START--
INFO: Run Behavior\WriteHtmlCacheBehavior [ RunTime:0.000021s ]
INFO: [ view_filter ] --END-- [ RunTime:0.000029s ]

[ 2017-12-23T17:32:25+08:00 ] 118.203.127.106 /nefuer/index.php/Home/index/loginPage
INFO: [ app_init ] --START--
INFO: Run Behavior\BuildLiteBehavior [ RunTime:0.000005s ]
INFO: [ app_init ] --END-- [ RunTime:0.000042s ]
INFO: [ app_begin ] --START--
INFO: Run Behavior\ReadHtmlCacheBehavior [ RunTime:0.000015s ]
INFO: [ app_begin ] --END-- [ RunTime:0.000026s ]
INFO: [ view_parse ] --START--
INFO: [ template_filter ] --START--
INFO: Run Behavior\ContentReplaceBehavior [ RunTime:0.000026s ]
INFO: [ template_filter ] --END-- [ RunTime:0.000040s ]
INFO: Run Behavior\ParseTemplateBehavior [ RunTime:0.000894s ]
INFO: [ view_parse ] --END-- [ RunTime:0.000910s ]
INFO: [ view_filter ] --START--
INFO: Run Behavior\WriteHtmlCacheBehavior [ RunTime:0.000019s ]
INFO: [ view_filter ] --END-- [ RunTime:0.000026s ]

[ 2017-12-23T17:32:46+08:00 ] 118.203.127.106 /nefuer/index.php/Home/index/loginPage
INFO: [ app_init ] --START--
INFO: Run Behavior\BuildLiteBehavior [ RunTime:0.000006s ]
INFO: [ app_init ] --END-- [ RunTime:0.000043s ]
INFO: [ app_begin ] --START--
INFO: Run Behavior\ReadHtmlCacheBehavior [ RunTime:0.000016s ]
INFO: [ app_begin ] --END-- [ RunTime:0.000026s ]
INFO: [ view_parse ] --START--
INFO: [ template_filter ] --START--
INFO: Run Behavior\ContentReplaceBehavior [ RunTime:0.000026s ]
INFO: [ template_filter ] --END-- [ RunTime:0.000040s ]
INFO: Run Behavior\ParseTemplateBehavior [ RunTime:0.000893s ]
INFO: [ view_parse ] --END-- [ RunTime:0.000912s ]
INFO: [ view_filter ] --START--
INFO: Run Behavior\WriteHtmlCacheBehavior [ RunTime:0.000023s ]
INFO: [ view_filter ] --END-- [ RunTime:0.000033s ]

[ 2017-12-23T17:33:13+08:00 ] 118.203.127.106 /nefuer/index.php/Home/index/loginPage
INFO: [ app_init ] --START--
INFO: Run Behavior\BuildLiteBehavior [ RunTime:0.000007s ]
INFO: [ app_init ] --END-- [ RunTime:0.000043s ]
INFO: [ app_begin ] --START--
INFO: Run Behavior\ReadHtmlCacheBehavior [ RunTime:0.000018s ]
INFO: [ app_begin ] --END-- [ RunTime:0.000030s ]
INFO: [ view_parse ] --START--
INFO: [ template_filter ] --START--
INFO: Run Behavior\ContentReplaceBehavior [ RunTime:0.000030s ]
INFO: [ template_filter ] --END-- [ RunTime:0.000046s ]
INFO: Run Behavior\ParseTemplateBehavior [ RunTime:0.001012s ]
INFO: [ view_parse ] --END-- [ RunTime:0.001030s ]
INFO: [ view_filter ] --START--
INFO: Run Behavior\WriteHtmlCacheBehavior [ RunTime:0.000023s ]
INFO: [ view_filter ] --END-- [ RunTime:0.000030s ]

[ 2017-12-23T17:35:29+08:00 ] 118.203.127.106 /nefuer/index.php/Home/index/loginPage
INFO: [ app_init ] --START--
INFO: Run Behavior\BuildLiteBehavior [ RunTime:0.000006s ]
INFO: [ app_init ] --END-- [ RunTime:0.000043s ]
INFO: [ app_begin ] --START--
INFO: Run Behavior\ReadHtmlCacheBehavior [ RunTime:0.000017s ]
INFO: [ app_begin ] --END-- [ RunTime:0.000028s ]
INFO: [ view_parse ] --START--
INFO: [ template_filter ] --START--
INFO: Run Behavior\ContentReplaceBehavior [ RunTime:0.000028s ]
INFO: [ template_filter ] --END-- [ RunTime:0.000066s ]
INFO: Run Behavior\ParseTemplateBehavior [ RunTime:0.000904s ]
INFO: [ view_parse ] --END-- [ RunTime:0.000920s ]
INFO: [ view_filter ] --START--
INFO: Run Behavior\WriteHtmlCacheBehavior [ RunTime:0.000021s ]
INFO: [ view_filter ] --END-- [ RunTime:0.000028s ]

[ 2017-12-23T17:36:39+08:00 ] 118.203.127.106 /nefuer/index.php/Home/index/loginPage
INFO: [ app_init ] --START--
INFO: Run Behavior\BuildLiteBehavior [ RunTime:0.000007s ]
INFO: [ app_init ] --END-- [ RunTime:0.000057s ]
INFO: [ app_begin ] --START--
INFO: Run Behavior\ReadHtmlCacheBehavior [ RunTime:0.000019s ]
INFO: [ app_begin ] --END-- [ RunTime:0.000034s ]
INFO: [ view_parse ] --START--
INFO: [ template_filter ] --START--
INFO: Run Behavior\ContentReplaceBehavior [ RunTime:0.000026s ]
INFO: [ template_filter ] --END-- [ RunTime:0.000042s ]
INFO: Run Behavior\ParseTemplateBehavior [ RunTime:0.000904s ]
INFO: [ view_parse ] --END-- [ RunTime:0.000921s ]
INFO: [ view_filter ] --START--
INFO: Run Behavior\WriteHtmlCacheBehavior [ RunTime:0.000022s ]
INFO: [ view_filter ] --END-- [ RunTime:0.000029s ]

[ 2017-12-23T17:37:46+08:00 ] 118.203.127.106 /nefuer/index.php/Home/index/loginPage
INFO: [ app_init ] --START--
INFO: Run Behavior\BuildLiteBehavior [ RunTime:0.000006s ]
INFO: [ app_init ] --END-- [ RunTime:0.000042s ]
INFO: [ app_begin ] --START--
INFO: Run Behavior\ReadHtmlCacheBehavior [ RunTime:0.000016s ]
INFO: [ app_begin ] --END-- [ RunTime:0.000026s ]
INFO: [ view_parse ] --START--
INFO: [ template_filter ] --START--
INFO: Run Behavior\ContentReplaceBehavior [ RunTime:0.000026s ]
INFO: [ template_filter ] --END-- [ RunTime:0.000040s ]
INFO: Run Behavior\ParseTemplateBehavior [ RunTime:0.001226s ]
INFO: [ view_parse ] --END-- [ RunTime:0.001246s ]
INFO: [ view_filter ] --START--
INFO: Run Behavior\WriteHtmlCacheBehavior [ RunTime:0.000040s ]
INFO: [ view_filter ] --END-- [ RunTime:0.000049s ]

[ 2017-12-23T17:39:25+08:00 ] 118.203.127.106 /nefuer/index.php/Home/index/loginPage
INFO: [ app_init ] --START--
INFO: Run Behavior\BuildLiteBehavior [ RunTime:0.000006s ]
INFO: [ app_init ] --END-- [ RunTime:0.000256s ]
INFO: [ app_begin ] --START--
INFO: Run Behavior\ReadHtmlCacheBehavior [ RunTime:0.000356s ]
INFO: [ app_begin ] --END-- [ RunTime:0.000373s ]
INFO: [ view_parse ] --START--
INFO: [ template_filter ] --START--
INFO: Run Behavior\ContentReplaceBehavior [ RunTime:0.000025s ]
INFO: [ template_filter ] --END-- [ RunTime:0.000043s ]
INFO: Run Behavior\ParseTemplateBehavior [ RunTime:0.003735s ]
INFO: [ view_parse ] --END-- [ RunTime:0.003751s ]
INFO: [ view_filter ] --START--
INFO: Run Behavior\WriteHtmlCacheBehavior [ RunTime:0.000116s ]
INFO: [ view_filter ] --END-- [ RunTime:0.000128s ]

[ 2017-12-23T20:52:11+08:00 ] 118.203.127.106 /nefuer/index.php/Home/index/loginPage
INFO: [ app_init ] --START--
INFO: Run Behavior\BuildLiteBehavior [ RunTime:0.000006s ]
INFO: [ app_init ] --END-- [ RunTime:0.000042s ]
INFO: [ app_begin ] --START--
INFO: Run Behavior\ReadHtmlCacheBehavior [ RunTime:0.000020s ]
INFO: [ app_begin ] --END-- [ RunTime:0.000037s ]
INFO: [ view_parse ] --START--
INFO: [ template_filter ] --START--
INFO: Run Behavior\ContentReplaceBehavior [ RunTime:0.000033s ]
INFO: [ template_filter ] --END-- [ RunTime:0.000048s ]
INFO: Run Behavior\ParseTemplateBehavior [ RunTime:0.000921s ]
INFO: [ view_parse ] --END-- [ RunTime:0.000941s ]
INFO: [ view_filter ] --START--
INFO: Run Behavior\WriteHtmlCacheBehavior [ RunTime:0.000022s ]
INFO: [ view_filter ] --END-- [ RunTime:0.000030s ]

[ 2017-12-23T21:10:42+08:00 ] 118.203.127.106 /nefuer/index.php/Home/index/loginPage
INFO: [ app_init ] --START--
INFO: Run Behavior\BuildLiteBehavior [ RunTime:0.000007s ]
INFO: [ app_init ] --END-- [ RunTime:0.000047s ]
INFO: [ app_begin ] --START--
INFO: Run Behavior\ReadHtmlCacheBehavior [ RunTime:0.000018s ]
INFO: [ app_begin ] --END-- [ RunTime:0.000028s ]
INFO: [ view_parse ] --START--
INFO: [ template_filter ] --START--
INFO: Run Behavior\ContentReplaceBehavior [ RunTime:0.000026s ]
INFO: [ template_filter ] --END-- [ RunTime:0.000039s ]
INFO: Run Behavior\ParseTemplateBehavior [ RunTime:0.000871s ]
INFO: [ view_parse ] --END-- [ RunTime:0.000887s ]
INFO: [ view_filter ] --START--
INFO: Run Behavior\WriteHtmlCacheBehavior [ RunTime:0.000021s ]
INFO: [ view_filter ] --END-- [ RunTime:0.000029s ]

[ 2017-12-23T21:10:54+08:00 ] 118.203.127.106 /nefuer/
INFO: [ app_init ] --START--
INFO: Run Behavior\BuildLiteBehavior [ RunTime:0.000006s ]
INFO: [ app_init ] --END-- [ RunTime:0.000043s ]
INFO: [ app_begin ] --START--
INFO: Run Behavior\ReadHtmlCacheBehavior [ RunTime:0.000016s ]
INFO: [ app_begin ] --END-- [ RunTime:0.000026s ]
NOTIC: [2] Illegal string offset 'user' /var/www/html/nefuer/Public/nefuer/Application/Home/Controller/IndexController.class.php 第 65 行.
NOTIC: [2] Illegal string offset 'id' /var/www/html/nefuer/Public/nefuer/Application/Home/Controller/IndexController.class.php 第 65 行.

[ 2017-12-23T21:11:20+08:00 ] 118.203.127.106 /nefuer/
INFO: [ app_init ] --START--
INFO: Run Behavior\BuildLiteBehavior [ RunTime:0.000006s ]
INFO: [ app_init ] --END-- [ RunTime:0.000042s ]
INFO: [ app_begin ] --START--
INFO: Run Behavior\ReadHtmlCacheBehavior [ RunTime:0.000016s ]
INFO: [ app_begin ] --END-- [ RunTime:0.000026s ]

[ 2017-12-23T21:11:21+08:00 ] 118.203.127.106 /nefuer/index.php/Home/index/wxLogin?code=021jbJVQ1QwTy91mhjWQ1BREVQ1jbJVT&state=%2F
INFO: [ app_init ] --START--
INFO: Run Behavior\BuildLiteBehavior [ RunTime:0.000007s ]
INFO: [ app_init ] --END-- [ RunTime:0.000038s ]
INFO: [ app_begin ] --START--
INFO: Run Behavior\ReadHtmlCacheBehavior [ RunTime:0.000013s ]
INFO: [ app_begin ] --END-- [ RunTime:0.000023s ]
SQL: SHOW COLUMNS FROM `user` [ RunTime:0.0004s ]
SQL: 
			SELECT `id`, `account`, `password`
			FROM `user`
			WHERE `openid` = "oAS95weWTdF9T1g6OqOAUm0WQHPI";
			LIMIT 1
		 [ RunTime:0.0002s ]
INFO: [ view_parse ] --START--
INFO: [ template_filter ] --START--
INFO: Run Behavior\ContentReplaceBehavior [ RunTime:0.000030s ]
INFO: [ template_filter ] --END-- [ RunTime:0.000043s ]
INFO: Run Behavior\ParseTemplateBehavior [ RunTime:0.000852s ]
INFO: [ view_parse ] --END-- [ RunTime:0.000868s ]
INFO: [ view_filter ] --START--
INFO: Run Behavior\WriteHtmlCacheBehavior [ RunTime:0.000020s ]
INFO: [ view_filter ] --END-- [ RunTime:0.000027s ]

[ 2017-12-23T21:11:28+08:00 ] 118.203.127.106 /nefuer/index.php/Home/index/wxLogin?code=021jbJVQ1QwTy91mhjWQ1BREVQ1jbJVT&state=%2F
INFO: [ app_init ] --START--
INFO: Run Behavior\BuildLiteBehavior [ RunTime:0.000006s ]
INFO: [ app_init ] --END-- [ RunTime:0.000044s ]
INFO: [ app_begin ] --START--
INFO: Run Behavior\ReadHtmlCacheBehavior [ RunTime:0.000017s ]
INFO: [ app_begin ] --END-- [ RunTime:0.000029s ]
INFO: [ view_parse ] --START--
INFO: [ template_filter ] --START--
INFO: Run Behavior\ContentReplaceBehavior [ RunTime:0.000024s ]
INFO: [ template_filter ] --END-- [ RunTime:0.000044s ]
INFO: Run Behavior\ParseTemplateBehavior [ RunTime:0.000800s ]
INFO: [ view_parse ] --END-- [ RunTime:0.000822s ]
INFO: [ view_filter ] --START--
INFO: Run Behavior\WriteHtmlCacheBehavior [ RunTime:0.000018s ]
INFO: [ view_filter ] --END-- [ RunTime:0.000025s ]

[ 2017-12-23T21:11:31+08:00 ] 118.203.127.106 /nefuer/index.php/Home/index/wxLogin?code=061d9rDs0sKn6e1dS4Cs0W0PDs0d9rDo&state=%2F
INFO: [ app_init ] --START--
INFO: Run Behavior\BuildLiteBehavior [ RunTime:0.000007s ]
INFO: [ app_init ] --END-- [ RunTime:0.000047s ]
INFO: [ app_begin ] --START--
INFO: Run Behavior\ReadHtmlCacheBehavior [ RunTime:0.000017s ]
INFO: [ app_begin ] --END-- [ RunTime:0.000029s ]
SQL: SHOW COLUMNS FROM `user` [ RunTime:0.0005s ]
SQL: 
			SELECT `id`, `account`, `password`
			FROM `user`
			WHERE `openid` = "oAS95weWTdF9T1g6OqOAUm0WQHPI";
			LIMIT 1
		 [ RunTime:0.0003s ]
INFO: [ view_parse ] --START--
INFO: [ template_filter ] --START--
INFO: Run Behavior\ContentReplaceBehavior [ RunTime:0.000031s ]
INFO: [ template_filter ] --END-- [ RunTime:0.000049s ]
INFO: Run Behavior\ParseTemplateBehavior [ RunTime:0.001061s ]
INFO: [ view_parse ] --END-- [ RunTime:0.001081s ]
INFO: [ view_filter ] --START--
INFO: Run Behavior\WriteHtmlCacheBehavior [ RunTime:0.000020s ]
INFO: [ view_filter ] --END-- [ RunTime:0.000027s ]

[ 2017-12-23T21:11:44+08:00 ] 118.203.127.106 /nefuer/index.php/Home/index/loginPage
INFO: [ app_init ] --START--
INFO: Run Behavior\BuildLiteBehavior [ RunTime:0.000006s ]
INFO: [ app_init ] --END-- [ RunTime:0.000043s ]
INFO: [ app_begin ] --START--
INFO: Run Behavior\ReadHtmlCacheBehavior [ RunTime:0.000016s ]
INFO: [ app_begin ] --END-- [ RunTime:0.000027s ]
INFO: [ view_parse ] --START--
INFO: [ template_filter ] --START--
INFO: Run Behavior\ContentReplaceBehavior [ RunTime:0.000026s ]
INFO: [ template_filter ] --END-- [ RunTime:0.000039s ]
INFO: Run Behavior\ParseTemplateBehavior [ RunTime:0.000839s ]
INFO: [ view_parse ] --END-- [ RunTime:0.000855s ]
INFO: [ view_filter ] --START--
INFO: Run Behavior\WriteHtmlCacheBehavior [ RunTime:0.000019s ]
INFO: [ view_filter ] --END-- [ RunTime:0.000026s ]

[ 2017-12-23T21:15:28+08:00 ] 118.203.127.106 /nefuer/
INFO: [ app_init ] --START--
INFO: Run Behavior\BuildLiteBehavior [ RunTime:0.000007s ]
INFO: [ app_init ] --END-- [ RunTime:0.000044s ]
INFO: [ app_begin ] --START--
INFO: Run Behavior\ReadHtmlCacheBehavior [ RunTime:0.000017s ]
INFO: [ app_begin ] --END-- [ RunTime:0.000028s ]

[ 2017-12-23T21:15:28+08:00 ] 118.203.127.106 /nefuer/index.php/Home/index/wxLogin?code=081C4syB1eGZof0aZuxB1rvHyB1C4syX&state=%2F
INFO: [ app_init ] --START--
INFO: Run Behavior\BuildLiteBehavior [ RunTime:0.000007s ]
INFO: [ app_init ] --END-- [ RunTime:0.000043s ]
INFO: [ app_begin ] --START--
INFO: Run Behavior\ReadHtmlCacheBehavior [ RunTime:0.000013s ]
INFO: [ app_begin ] --END-- [ RunTime:0.000024s ]
SQL: SHOW COLUMNS FROM `user` [ RunTime:0.0004s ]
SQL: 
			SELECT `id`, `account`, `password`
			FROM `user`
			WHERE `openid` = "oAS95wS037Mk-bqUq3rNaQLNnZfQ";
			LIMIT 1
		 [ RunTime:0.0002s ]
INFO: [ view_parse ] --START--
INFO: [ template_filter ] --START--
INFO: Run Behavior\ContentReplaceBehavior [ RunTime:0.000030s ]
INFO: [ template_filter ] --END-- [ RunTime:0.000044s ]
INFO: Run Behavior\ParseTemplateBehavior [ RunTime:0.000896s ]
INFO: [ view_parse ] --END-- [ RunTime:0.000913s ]
INFO: [ view_filter ] --START--
INFO: Run Behavior\WriteHtmlCacheBehavior [ RunTime:0.000019s ]
INFO: [ view_filter ] --END-- [ RunTime:0.000035s ]

[ 2017-12-23T21:15:56+08:00 ] 118.203.127.106 /nefuer/
INFO: [ app_init ] --START--
INFO: Run Behavior\BuildLiteBehavior [ RunTime:0.000007s ]
INFO: [ app_init ] --END-- [ RunTime:0.000048s ]
INFO: [ app_begin ] --START--
INFO: Run Behavior\ReadHtmlCacheBehavior [ RunTime:0.000018s ]
INFO: [ app_begin ] --END-- [ RunTime:0.000030s ]
NOTIC: [2] Illegal string offset 'user' /var/www/html/nefuer/Public/nefuer/Application/Home/Controller/IndexController.class.php 第 65 行.
NOTIC: [2] Illegal string offset 'id' /var/www/html/nefuer/Public/nefuer/Application/Home/Controller/IndexController.class.php 第 65 行.

[ 2017-12-23T21:16:29+08:00 ] 123.151.77.48 /nefuer/
INFO: [ app_init ] --START--
INFO: Run Behavior\BuildLiteBehavior [ RunTime:0.000006s ]
INFO: [ app_init ] --END-- [ RunTime:0.000046s ]
INFO: [ app_begin ] --START--
INFO: Run Behavior\ReadHtmlCacheBehavior [ RunTime:0.000027s ]
INFO: [ app_begin ] --END-- [ RunTime:0.000041s ]

[ 2017-12-23T21:16:30+08:00 ] 125.39.132.94 /nefuer/index.php/Home/index/wxLogin?code=011Rbbcp02Kgmo11Ntfp0jcocp0Rbbck&state=%2F
INFO: [ app_init ] --START--
INFO: Run Behavior\BuildLiteBehavior [ RunTime:0.000007s ]
INFO: [ app_init ] --END-- [ RunTime:0.000041s ]
INFO: [ app_begin ] --START--
INFO: Run Behavior\ReadHtmlCacheBehavior [ RunTime:0.000028s ]
INFO: [ app_begin ] --END-- [ RunTime:0.000040s ]
SQL: SHOW COLUMNS FROM `user` [ RunTime:0.0004s ]
SQL: 
			SELECT `id`, `account`, `password`
			FROM `user`
			WHERE `openid` = "oAS95weWTdF9T1g6OqOAUm0WQHPI";
			LIMIT 1
		 [ RunTime:0.0003s ]
NOTIC: [2] Illegal string offset 'user' /var/www/html/nefuer/Public/nefuer/Application/Home/Controller/IndexController.class.php 第 65 行.
NOTIC: [2] Illegal string offset 'id' /var/www/html/nefuer/Public/nefuer/Application/Home/Controller/IndexController.class.php 第 65 行.

[ 2017-12-23T21:16:34+08:00 ] 123.151.77.48 /nefuer/
INFO: [ app_init ] --START--
INFO: Run Behavior\BuildLiteBehavior [ RunTime:0.000007s ]
INFO: [ app_init ] --END-- [ RunTime:0.000046s ]
INFO: [ app_begin ] --START--
INFO: Run Behavior\ReadHtmlCacheBehavior [ RunTime:0.000015s ]
INFO: [ app_begin ] --END-- [ RunTime:0.000027s ]
NOTIC: [2] Illegal string offset 'user' /var/www/html/nefuer/Public/nefuer/Application/Home/Controller/IndexController.class.php 第 65 行.
NOTIC: [2] Illegal string offset 'id' /var/www/html/nefuer/Public/nefuer/Application/Home/Controller/IndexController.class.php 第 65 行.

[ 2017-12-23T21:17:06+08:00 ] 123.151.77.48 /nefuer/
INFO: [ app_init ] --START--
INFO: Run Behavior\BuildLiteBehavior [ RunTime:0.000006s ]
INFO: [ app_init ] --END-- [ RunTime:0.000043s ]
INFO: [ app_begin ] --START--
INFO: Run Behavior\ReadHtmlCacheBehavior [ RunTime:0.000015s ]
INFO: [ app_begin ] --END-- [ RunTime:0.000025s ]

[ 2017-12-23T21:17:07+08:00 ] 123.151.77.48 /nefuer/index.php/Home/index/wxLogin?code=0210cmou0uAjMb11yopu0uFbou00cmoh&state=%2F
INFO: [ app_init ] --START--
INFO: Run Behavior\BuildLiteBehavior [ RunTime:0.000004s ]
INFO: [ app_init ] --END-- [ RunTime:0.000027s ]
INFO: [ app_begin ] --START--
INFO: Run Behavior\ReadHtmlCacheBehavior [ RunTime:0.000011s ]
INFO: [ app_begin ] --END-- [ RunTime:0.000021s ]
SQL: SHOW COLUMNS FROM `user` [ RunTime:0.0003s ]
SQL: 
			SELECT `id`, `account`, `password`
			FROM `user`
			WHERE `openid` = "oAS95weWTdF9T1g6OqOAUm0WQHPI";
			LIMIT 1
		 [ RunTime:0.0002s ]
INFO: [ view_parse ] --START--
INFO: [ template_filter ] --START--
INFO: Run Behavior\ContentReplaceBehavior [ RunTime:0.000028s ]
INFO: [ template_filter ] --END-- [ RunTime:0.000043s ]
INFO: Run Behavior\ParseTemplateBehavior [ RunTime:0.000852s ]
INFO: [ view_parse ] --END-- [ RunTime:0.000869s ]
INFO: [ view_filter ] --START--
INFO: Run Behavior\WriteHtmlCacheBehavior [ RunTime:0.000022s ]
INFO: [ view_filter ] --END-- [ RunTime:0.000030s ]

[ 2017-12-23T21:17:54+08:00 ] 118.203.127.106 /nefuer/
INFO: [ app_init ] --START--
INFO: Run Behavior\BuildLiteBehavior [ RunTime:0.000006s ]
INFO: [ app_init ] --END-- [ RunTime:0.000041s ]
INFO: [ app_begin ] --START--
INFO: Run Behavior\ReadHtmlCacheBehavior [ RunTime:0.000016s ]
INFO: [ app_begin ] --END-- [ RunTime:0.000027s ]
NOTIC: [2] Illegal string offset 'user' /var/www/html/nefuer/Public/nefuer/Application/Home/Controller/IndexController.class.php 第 65 行.
NOTIC: [2] Illegal string offset 'id' /var/www/html/nefuer/Public/nefuer/Application/Home/Controller/IndexController.class.php 第 65 行.

[ 2017-12-23T21:18:12+08:00 ] 118.203.127.106 /nefuer/
INFO: [ app_init ] --START--
INFO: Run Behavior\BuildLiteBehavior [ RunTime:0.000006s ]
INFO: [ app_init ] --END-- [ RunTime:0.000047s ]
INFO: [ app_begin ] --START--
INFO: Run Behavior\ReadHtmlCacheBehavior [ RunTime:0.000021s ]
INFO: [ app_begin ] --END-- [ RunTime:0.000035s ]

[ 2017-12-23T21:18:13+08:00 ] 118.203.127.106 /nefuer/index.php/Home/index/wxLogin?code=081JyI5P1w6Or31nEb5P1Wb06P1JyI5S&state=%2F
INFO: [ app_init ] --START--
INFO: Run Behavior\BuildLiteBehavior [ RunTime:0.000007s ]
INFO: [ app_init ] --END-- [ RunTime:0.000042s ]
INFO: [ app_begin ] --START--
INFO: Run Behavior\ReadHtmlCacheBehavior [ RunTime:0.000014s ]
INFO: [ app_begin ] --END-- [ RunTime:0.000025s ]
SQL: SHOW COLUMNS FROM `user` [ RunTime:0.0004s ]
SQL: 
			SELECT `id`, `account`, `password`
			FROM `user`
			WHERE `openid` = "oAS95wS037Mk-bqUq3rNaQLNnZfQ";
			LIMIT 1
		 [ RunTime:0.0002s ]
INFO: [ view_parse ] --START--
INFO: [ template_filter ] --START--
INFO: Run Behavior\ContentReplaceBehavior [ RunTime:0.000030s ]
INFO: [ template_filter ] --END-- [ RunTime:0.000044s ]
INFO: Run Behavior\ParseTemplateBehavior [ RunTime:0.000903s ]
INFO: [ view_parse ] --END-- [ RunTime:0.000920s ]
INFO: [ view_filter ] --START--
INFO: Run Behavior\WriteHtmlCacheBehavior [ RunTime:0.000020s ]
INFO: [ view_filter ] --END-- [ RunTime:0.000028s ]

[ 2017-12-23T21:18:39+08:00 ] 123.151.77.48 /nefuer/
INFO: [ app_init ] --START--
INFO: Run Behavior\BuildLiteBehavior [ RunTime:0.000007s ]
INFO: [ app_init ] --END-- [ RunTime:0.000042s ]
INFO: [ app_begin ] --START--
INFO: Run Behavior\ReadHtmlCacheBehavior [ RunTime:0.000015s ]
INFO: [ app_begin ] --END-- [ RunTime:0.000025s ]
NOTIC: [2] Illegal string offset 'user' /var/www/html/nefuer/Public/nefuer/Application/Home/Controller/IndexController.class.php 第 65 行.
NOTIC: [2] Illegal string offset 'id' /var/www/html/nefuer/Public/nefuer/Application/Home/Controller/IndexController.class.php 第 65 行.

[ 2017-12-23T21:21:16+08:00 ] 123.151.77.48 /nefuer/
INFO: [ app_init ] --START--
INFO: Run Behavior\BuildLiteBehavior [ RunTime:0.000007s ]
INFO: [ app_init ] --END-- [ RunTime:0.000058s ]
INFO: [ app_begin ] --START--
INFO: Run Behavior\ReadHtmlCacheBehavior [ RunTime:0.000017s ]
INFO: [ app_begin ] --END-- [ RunTime:0.000028s ]
NOTIC: [2] Illegal string offset 'user' /var/www/html/nefuer/Public/nefuer/Application/Home/Controller/IndexController.class.php 第 65 行.
NOTIC: [2] Illegal string offset 'id' /var/www/html/nefuer/Public/nefuer/Application/Home/Controller/IndexController.class.php 第 65 行.

[ 2017-12-23T22:05:57+08:00 ] 123.151.77.48 /nefuer/
INFO: [ app_init ] --START--
INFO: Run Behavior\BuildLiteBehavior [ RunTime:0.000010s ]
INFO: [ app_init ] --END-- [ RunTime:0.000065s ]
INFO: [ app_begin ] --START--
INFO: Run Behavior\ReadHtmlCacheBehavior [ RunTime:0.000018s ]
INFO: [ app_begin ] --END-- [ RunTime:0.000032s ]
NOTIC: [2] Illegal string offset 'user' /var/www/html/nefuer/Public/nefuer/Application/Home/Controller/IndexController.class.php 第 65 行.
NOTIC: [2] Illegal string offset 'id' /var/www/html/nefuer/Public/nefuer/Application/Home/Controller/IndexController.class.php 第 65 行.

[ 2017-12-23T22:06:16+08:00 ] 123.151.77.48 /nefuer/
INFO: [ app_init ] --START--
INFO: Run Behavior\BuildLiteBehavior [ RunTime:0.000006s ]
INFO: [ app_init ] --END-- [ RunTime:0.000047s ]
INFO: [ app_begin ] --START--
INFO: Run Behavior\ReadHtmlCacheBehavior [ RunTime:0.000018s ]
INFO: [ app_begin ] --END-- [ RunTime:0.000030s ]

[ 2017-12-23T22:06:17+08:00 ] 123.151.77.48 /nefuer/index.php/Home/index/wxLogin?code=001205h52wzfQN0gAge52ej8h52205hp&state=%2F
INFO: [ app_init ] --START--
INFO: Run Behavior\BuildLiteBehavior [ RunTime:0.000007s ]
INFO: [ app_init ] --END-- [ RunTime:0.000043s ]
INFO: [ app_begin ] --START--
INFO: Run Behavior\ReadHtmlCacheBehavior [ RunTime:0.000015s ]
INFO: [ app_begin ] --END-- [ RunTime:0.000029s ]
SQL: SHOW COLUMNS FROM `user` [ RunTime:0.0005s ]
SQL: 
			SELECT `id`, `account`, `password`
			FROM `user`
			WHERE `openid` = "oAS95weWTdF9T1g6OqOAUm0WQHPI";
			LIMIT 1
		 [ RunTime:0.0002s ]
INFO: [ view_parse ] --START--
INFO: [ template_filter ] --START--
INFO: Run Behavior\ContentReplaceBehavior [ RunTime:0.000033s ]
INFO: [ template_filter ] --END-- [ RunTime:0.000050s ]
INFO: Run Behavior\ParseTemplateBehavior [ RunTime:0.000995s ]
INFO: [ view_parse ] --END-- [ RunTime:0.001014s ]
INFO: [ view_filter ] --START--
INFO: Run Behavior\WriteHtmlCacheBehavior [ RunTime:0.000024s ]
INFO: [ view_filter ] --END-- [ RunTime:0.000033s ]

[ 2017-12-23T22:06:28+08:00 ] 123.151.77.48 /nefuer/
INFO: [ app_init ] --START--
INFO: Run Behavior\BuildLiteBehavior [ RunTime:0.000006s ]
INFO: [ app_init ] --END-- [ RunTime:0.000051s ]
INFO: [ app_begin ] --START--
INFO: Run Behavior\ReadHtmlCacheBehavior [ RunTime:0.000014s ]
INFO: [ app_begin ] --END-- [ RunTime:0.000023s ]
NOTIC: [2] Illegal string offset 'user' /var/www/html/nefuer/Public/nefuer/Application/Home/Controller/IndexController.class.php 第 65 行.
NOTIC: [2] Illegal string offset 'id' /var/www/html/nefuer/Public/nefuer/Application/Home/Controller/IndexController.class.php 第 65 行.

[ 2017-12-23T22:06:32+08:00 ] 123.151.77.48 /nefuer/
INFO: [ app_init ] --START--
INFO: Run Behavior\BuildLiteBehavior [ RunTime:0.000007s ]
INFO: [ app_init ] --END-- [ RunTime:0.000044s ]
INFO: [ app_begin ] --START--
INFO: Run Behavior\ReadHtmlCacheBehavior [ RunTime:0.000016s ]
INFO: [ app_begin ] --END-- [ RunTime:0.000027s ]
NOTIC: [2] Illegal string offset 'user' /var/www/html/nefuer/Public/nefuer/Application/Home/Controller/IndexController.class.php 第 65 行.
NOTIC: [2] Illegal string offset 'id' /var/www/html/nefuer/Public/nefuer/Application/Home/Controller/IndexController.class.php 第 65 行.

[ 2017-12-23T22:06:38+08:00 ] 123.151.77.48 /nefuer/
INFO: [ app_init ] --START--
INFO: Run Behavior\BuildLiteBehavior [ RunTime:0.000006s ]
INFO: [ app_init ] --END-- [ RunTime:0.000040s ]
INFO: [ app_begin ] --START--
INFO: Run Behavior\ReadHtmlCacheBehavior [ RunTime:0.000014s ]
INFO: [ app_begin ] --END-- [ RunTime:0.000023s ]
NOTIC: [2] Illegal string offset 'user' /var/www/html/nefuer/Public/nefuer/Application/Home/Controller/IndexController.class.php 第 65 行.
NOTIC: [2] Illegal string offset 'id' /var/www/html/nefuer/Public/nefuer/Application/Home/Controller/IndexController.class.php 第 65 行.

[ 2017-12-23T22:06:48+08:00 ] 123.151.77.48 /nefuer/
INFO: [ app_init ] --START--
INFO: Run Behavior\BuildLiteBehavior [ RunTime:0.000007s ]
INFO: [ app_init ] --END-- [ RunTime:0.000043s ]
INFO: [ app_begin ] --START--
INFO: Run Behavior\ReadHtmlCacheBehavior [ RunTime:0.000016s ]
INFO: [ app_begin ] --END-- [ RunTime:0.000026s ]
NOTIC: [2] Illegal string offset 'user' /var/www/html/nefuer/Public/nefuer/Application/Home/Controller/IndexController.class.php 第 65 行.
NOTIC: [2] Illegal string offset 'id' /var/www/html/nefuer/Public/nefuer/Application/Home/Controller/IndexController.class.php 第 65 行.

[ 2017-12-23T23:52:45+08:00 ] 123.151.77.48 /nefuer/
INFO: [ app_init ] --START--
INFO: Run Behavior\BuildLiteBehavior [ RunTime:0.000006s ]
INFO: [ app_init ] --END-- [ RunTime:0.000043s ]
INFO: [ app_begin ] --START--
INFO: Run Behavior\ReadHtmlCacheBehavior [ RunTime:0.000016s ]
INFO: [ app_begin ] --END-- [ RunTime:0.000025s ]
NOTIC: [2] Illegal string offset 'user' /var/www/html/nefuer/Public/nefuer/Application/Home/Controller/IndexController.class.php 第 65 行.
NOTIC: [2] Illegal string offset 'id' /var/www/html/nefuer/Public/nefuer/Application/Home/Controller/IndexController.class.php 第 65 行.

[ 2017-12-23T23:52:57+08:00 ] 123.151.77.48 /nefuer/
INFO: [ app_init ] --START--
INFO: Run Behavior\BuildLiteBehavior [ RunTime:0.000006s ]
INFO: [ app_init ] --END-- [ RunTime:0.000042s ]
INFO: [ app_begin ] --START--
INFO: Run Behavior\ReadHtmlCacheBehavior [ RunTime:0.000014s ]
INFO: [ app_begin ] --END-- [ RunTime:0.000024s ]

[ 2017-12-23T23:52:58+08:00 ] 123.151.77.48 /nefuer/index.php/Home/index/wxLogin?code=061VFUMm1eAOOi0mUZLm1S3EMm1VFUMu&state=%2F
INFO: [ app_init ] --START--
INFO: Run Behavior\BuildLiteBehavior [ RunTime:0.000007s ]
INFO: [ app_init ] --END-- [ RunTime:0.000062s ]
INFO: [ app_begin ] --START--
INFO: Run Behavior\ReadHtmlCacheBehavior [ RunTime:0.000012s ]
INFO: [ app_begin ] --END-- [ RunTime:0.000023s ]
SQL: SHOW COLUMNS FROM `user` [ RunTime:0.0004s ]
SQL: 
			SELECT `id`, `account`, `password`
			FROM `user`
			WHERE `openid` = "oAS95weWTdF9T1g6OqOAUm0WQHPI";
			LIMIT 1
		 [ RunTime:0.0002s ]
NOTIC: [2] Illegal string offset 'user' /var/www/html/nefuer/Public/nefuer/Application/Home/Controller/IndexController.class.php 第 65 行.
NOTIC: [2] Illegal string offset 'id' /var/www/html/nefuer/Public/nefuer/Application/Home/Controller/IndexController.class.php 第 65 行.

[ 2017-12-23T23:52:58+08:00 ] 101.226.33.221 /nefuer/
INFO: [ app_init ] --START--
INFO: Run Behavior\BuildLiteBehavior [ RunTime:0.000007s ]
INFO: [ app_init ] --END-- [ RunTime:0.000041s ]
INFO: [ app_begin ] --START--
INFO: Run Behavior\ReadHtmlCacheBehavior [ RunTime:0.000014s ]
INFO: [ app_begin ] --END-- [ RunTime:0.000025s ]

[ 2017-12-23T23:53:08+08:00 ] 123.151.77.48 /nefuer/index.php/Home/index/wxLogin?code=001Ibf3e2gnjuE0x5t3e2X9o3e2Ibf3m&state=%2F
INFO: [ app_init ] --START--
INFO: Run Behavior\BuildLiteBehavior [ RunTime:0.000007s ]
INFO: [ app_init ] --END-- [ RunTime:0.000051s ]
INFO: [ app_begin ] --START--
INFO: Run Behavior\ReadHtmlCacheBehavior [ RunTime:0.000018s ]
INFO: [ app_begin ] --END-- [ RunTime:0.000031s ]
SQL: SHOW COLUMNS FROM `user` [ RunTime:0.0004s ]
SQL: 
			SELECT `id`, `account`, `password`
			FROM `user`
			WHERE `openid` = "oAS95weWTdF9T1g6OqOAUm0WQHPI";
			LIMIT 1
		 [ RunTime:0.0002s ]
NOTIC: [2] Illegal string offset 'user' /var/www/html/nefuer/Public/nefuer/Application/Home/Controller/IndexController.class.php 第 65 行.
NOTIC: [2] Illegal string offset 'id' /var/www/html/nefuer/Public/nefuer/Application/Home/Controller/IndexController.class.php 第 65 行.

[ 2017-12-23T23:53:13+08:00 ] 125.39.132.94 /nefuer/
INFO: [ app_init ] --START--
INFO: Run Behavior\BuildLiteBehavior [ RunTime:0.000007s ]
INFO: [ app_init ] --END-- [ RunTime:0.000047s ]
INFO: [ app_begin ] --START--
INFO: Run Behavior\ReadHtmlCacheBehavior [ RunTime:0.000019s ]
INFO: [ app_begin ] --END-- [ RunTime:0.000034s ]

[ 2017-12-23T23:53:14+08:00 ] 123.151.77.48 /nefuer/index.php/Home/index/wxLogin?code=011LBSQs0sUqse1ynsSs0cXNQs0LBSQf&state=%2F
INFO: [ app_init ] --START--
INFO: Run Behavior\BuildLiteBehavior [ RunTime:0.000007s ]
INFO: [ app_init ] --END-- [ RunTime:0.000043s ]
INFO: [ app_begin ] --START--
INFO: Run Behavior\ReadHtmlCacheBehavior [ RunTime:0.000014s ]
INFO: [ app_begin ] --END-- [ RunTime:0.000026s ]
SQL: SHOW COLUMNS FROM `user` [ RunTime:0.0005s ]
SQL: 
			SELECT `id`, `account`, `password`
			FROM `user`
			WHERE `openid` = "oAS95weWTdF9T1g6OqOAUm0WQHPI";
			LIMIT 1
		 [ RunTime:0.0002s ]
NOTIC: [8] Undefined variable: account /var/www/html/nefuer/Public/nefuer/Application/Home/Controller/IndexController.class.php 第 54 行.
NOTIC: [8] Undefined variable: password /var/www/html/nefuer/Public/nefuer/Application/Home/Controller/IndexController.class.php 第 54 行.
NOTIC: [2] Illegal string offset 'user' /var/www/html/nefuer/Public/nefuer/Application/Home/Controller/IndexController.class.php 第 66 行.
NOTIC: [2] Illegal string offset 'id' /var/www/html/nefuer/Public/nefuer/Application/Home/Controller/IndexController.class.php 第 66 行.

[ 2017-12-23T23:58:22+08:00 ] 123.151.77.48 /nefuer/
INFO: [ app_init ] --START--
INFO: Run Behavior\BuildLiteBehavior [ RunTime:0.000007s ]
INFO: [ app_init ] --END-- [ RunTime:0.000043s ]
INFO: [ app_begin ] --START--
INFO: Run Behavior\ReadHtmlCacheBehavior [ RunTime:0.000015s ]
INFO: [ app_begin ] --END-- [ RunTime:0.000026s ]

[ 2017-12-23T23:58:23+08:00 ] 123.151.77.48 /nefuer/index.php/Home/index/wxLogin?code=071Myovd2g72UD0Po9td27ckvd2MyovA&state=%2F
INFO: [ app_init ] --START--
INFO: Run Behavior\BuildLiteBehavior [ RunTime:0.000009s ]
INFO: [ app_init ] --END-- [ RunTime:0.000056s ]
INFO: [ app_begin ] --START--
INFO: Run Behavior\ReadHtmlCacheBehavior [ RunTime:0.000021s ]
INFO: [ app_begin ] --END-- [ RunTime:0.000046s ]
SQL: SHOW COLUMNS FROM `user` [ RunTime:0.0004s ]
SQL: 
			SELECT `id`, `account`, `password`
			FROM `user`
			WHERE `openid` = "oAS95weWTdF9T1g6OqOAUm0WQHPI";
			LIMIT 1
		 [ RunTime:0.0002s ]
NOTIC: [8] Undefined variable: account /var/www/html/nefuer/Public/nefuer/Application/Home/Controller/IndexController.class.php 第 54 行.
NOTIC: [8] Undefined variable: password /var/www/html/nefuer/Public/nefuer/Application/Home/Controller/IndexController.class.php 第 54 行.
NOTIC: [2] Illegal string offset 'user' /var/www/html/nefuer/Public/nefuer/Application/Home/Controller/IndexController.class.php 第 66 行.
NOTIC: [2] Illegal string offset 'id' /var/www/html/nefuer/Public/nefuer/Application/Home/Controller/IndexController.class.php 第 66 行.

[ 2017-12-23T23:58:28+08:00 ] 123.151.77.48 /nefuer/
INFO: [ app_init ] --START--
INFO: Run Behavior\BuildLiteBehavior [ RunTime:0.000006s ]
INFO: [ app_init ] --END-- [ RunTime:0.000046s ]
INFO: [ app_begin ] --START--
INFO: Run Behavior\ReadHtmlCacheBehavior [ RunTime:0.000019s ]
INFO: [ app_begin ] --END-- [ RunTime:0.000030s ]
NOTIC: [2] Illegal string offset 'user' /var/www/html/nefuer/Public/nefuer/Application/Home/Controller/IndexController.class.php 第 66 行.
NOTIC: [2] Illegal string offset 'id' /var/www/html/nefuer/Public/nefuer/Application/Home/Controller/IndexController.class.php 第 66 行.

