[ 2017-12-21T18:45:53+08:00 ] ::1 /nefuer/index.php/V1/User/login
INFO: [ app_init ] --START--
INFO: Run Behavior\BuildLiteBehavior [ RunTime:0.000013s ]
INFO: [ app_init ] --END-- [ RunTime:0.000433s ]
INFO: [ app_begin ] --START--
INFO: Run Behavior\ReadHtmlCacheBehavior [ RunTime:0.000686s ]
INFO: [ app_begin ] --END-- [ RunTime:0.000729s ]
NOTIC: [8] Undefined variable: token F:\XAMPP\htdocs\nefuer\Application\V1\Common\ApiController.class.php 第 249 行.
NOTIC: [8] Undefined variable: token F:\XAMPP\htdocs\nefuer\Application\V1\Common\ApiController.class.php 第 250 行.

[ 2017-12-21T18:46:02+08:00 ] ::1 /nefuer/index.php/V1/User/login
INFO: [ app_init ] --START--
INFO: Run Behavior\BuildLiteBehavior [ RunTime:0.000008s ]
INFO: [ app_init ] --END-- [ RunTime:0.000301s ]
INFO: [ app_begin ] --START--
INFO: Run Behavior\ReadHtmlCacheBehavior [ RunTime:0.000700s ]
INFO: [ app_begin ] --END-- [ RunTime:0.000729s ]
ERR: 调用接口的IP地址不在白名单中，请在接口IP白名单中进行设置

[ 2017-12-21T18:46:04+08:00 ] ::1 /nefuer/index.php/V1/User/login
INFO: [ app_init ] --START--
INFO: Run Behavior\BuildLiteBehavior [ RunTime:0.000009s ]
INFO: [ app_init ] --END-- [ RunTime:0.000344s ]
INFO: [ app_begin ] --START--
INFO: Run Behavior\ReadHtmlCacheBehavior [ RunTime:0.000497s ]
INFO: [ app_begin ] --END-- [ RunTime:0.000517s ]
ERR: 调用接口的IP地址不在白名单中，请在接口IP白名单中进行设置

[ 2017-12-21T18:46:04+08:00 ] ::1 /nefuer/index.php/V1/User/login
INFO: [ app_init ] --START--
INFO: Run Behavior\BuildLiteBehavior [ RunTime:0.000008s ]
INFO: [ app_init ] --END-- [ RunTime:0.000286s ]
INFO: [ app_begin ] --START--
INFO: Run Behavior\ReadHtmlCacheBehavior [ RunTime:0.000329s ]
INFO: [ app_begin ] --END-- [ RunTime:0.000349s ]
ERR: 调用接口的IP地址不在白名单中，请在接口IP白名单中进行设置

[ 2017-12-21T18:46:04+08:00 ] ::1 /nefuer/index.php/V1/User/login
INFO: [ app_init ] --START--
INFO: Run Behavior\BuildLiteBehavior [ RunTime:0.000022s ]
INFO: [ app_init ] --END-- [ RunTime:0.000724s ]
INFO: [ app_begin ] --START--
INFO: Run Behavior\ReadHtmlCacheBehavior [ RunTime:0.000660s ]
INFO: [ app_begin ] --END-- [ RunTime:0.000700s ]
ERR: 调用接口的IP地址不在白名单中，请在接口IP白名单中进行设置

[ 2017-12-21T18:46:04+08:00 ] ::1 /nefuer/index.php/V1/User/login
INFO: [ app_init ] --START--
INFO: Run Behavior\BuildLiteBehavior [ RunTime:0.000006s ]
INFO: [ app_init ] --END-- [ RunTime:0.000441s ]
INFO: [ app_begin ] --START--
INFO: Run Behavior\ReadHtmlCacheBehavior [ RunTime:0.000332s ]
INFO: [ app_begin ] --END-- [ RunTime:0.000406s ]
ERR: 调用接口的IP地址不在白名单中，请在接口IP白名单中进行设置

[ 2017-12-21T18:46:04+08:00 ] ::1 /nefuer/index.php/V1/User/login
INFO: [ app_init ] --START--
INFO: Run Behavior\BuildLiteBehavior [ RunTime:0.000006s ]
INFO: [ app_init ] --END-- [ RunTime:0.000321s ]
INFO: [ app_begin ] --START--
INFO: Run Behavior\ReadHtmlCacheBehavior [ RunTime:0.000302s ]
INFO: [ app_begin ] --END-- [ RunTime:0.000321s ]
ERR: 调用接口的IP地址不在白名单中，请在接口IP白名单中进行设置

[ 2017-12-21T18:46:10+08:00 ] ::1 /nefuer/index.php/V1/User/login
INFO: [ app_init ] --START--
INFO: Run Behavior\BuildLiteBehavior [ RunTime:0.000005s ]
INFO: [ app_init ] --END-- [ RunTime:0.000237s ]
INFO: [ app_begin ] --START--
INFO: Run Behavior\ReadHtmlCacheBehavior [ RunTime:0.000302s ]
INFO: [ app_begin ] --END-- [ RunTime:0.000320s ]
ERR: 调用接口的IP地址不在白名单中，请在接口IP白名单中进行设置

[ 2017-12-21T18:47:38+08:00 ] ::1 /nefuer/index.php/V1/User/login
INFO: [ app_init ] --START--
INFO: Run Behavior\BuildLiteBehavior [ RunTime:0.000006s ]
INFO: [ app_init ] --END-- [ RunTime:0.000247s ]
INFO: [ app_begin ] --START--
INFO: Run Behavior\ReadHtmlCacheBehavior [ RunTime:0.000304s ]
INFO: [ app_begin ] --END-- [ RunTime:0.000323s ]
NOTIC: [8] Undefined variable: token F:\XAMPP\htdocs\nefuer\Application\V1\Common\ApiController.class.php 第 249 行.
NOTIC: [8] Undefined variable: token F:\XAMPP\htdocs\nefuer\Application\V1\Common\ApiController.class.php 第 250 行.

